2025-12-09T16:35:45.934+05:30  INFO 36312 --- [studentmgmt] [main] c.t.s.studentmgmtApplicationTests        : Starting studentmgmtApplicationTests using Java 17.0.12 with PID 36312 (started by pavansiddabathula in F:\Spring-Workspace\student-management-jpa)
2025-12-09T16:35:45.940+05:30  INFO 36312 --- [studentmgmt] [main] c.t.s.studentmgmtApplicationTests        : The following 1 profile is active: "local"
2025-12-09T16:35:46.980+05:30  INFO 36312 --- [studentmgmt] [main] .s.d.r.c.RepositoryConfigurationDelegate : Bootstrapping Spring Data JPA repositories in DEFAULT mode.
2025-12-09T16:35:47.095+05:30  INFO 36312 --- [studentmgmt] [main] .s.d.r.c.RepositoryConfigurationDelegate : Finished Spring Data repository scanning in 80 ms. Found 2 JPA repository interfaces.
2025-12-09T16:35:48.813+05:30  INFO 36312 --- [studentmgmt] [main] com.zaxxer.hikari.HikariDataSource       : TechCodeHikariPool - Starting...
2025-12-09T16:35:49.745+05:30  INFO 36312 --- [studentmgmt] [main] com.zaxxer.hikari.pool.HikariPool        : TechCodeHikariPool - Added connection com.mysql.cj.jdbc.ConnectionImpl@66682e8f
2025-12-09T16:35:49.750+05:30  INFO 36312 --- [studentmgmt] [main] com.zaxxer.hikari.HikariDataSource       : TechCodeHikariPool - Start completed.
2025-12-09T16:35:51.821+05:30  INFO 36312 --- [studentmgmt] [main] o.s.d.j.r.query.QueryEnhancerFactory     : Hibernate is in classpath; If applicable, HQL parser will be used.
2025-12-09T16:35:52.510+05:30  WARN 36312 --- [studentmgmt] [main] JpaBaseConfiguration$JpaWebConfiguration : spring.jpa.open-in-view is enabled by default. Therefore, database queries may be performed during view rendering. Explicitly configure spring.jpa.open-in-view to disable this warning
2025-12-09T16:35:52.618+05:30  INFO 36312 --- [studentmgmt] [main] r$InitializeUserDetailsManagerConfigurer : Global AuthenticationManager configured with UserDetailsService bean with name customUserDetailsService
2025-12-09T16:35:54.267+05:30  INFO 36312 --- [studentmgmt] [main] c.t.s.studentmgmtApplicationTests        : Started studentmgmtApplicationTests in 8.68 seconds (process running for 9.566)
2025-12-09T16:35:54.662+05:30  INFO 36312 --- [studentmgmt] [SpringApplicationShutdownHook] com.zaxxer.hikari.HikariDataSource       : TechCodeHikariPool - Shutdown initiated...
2025-12-09T16:35:54.669+05:30  INFO 36312 --- [studentmgmt] [SpringApplicationShutdownHook] com.zaxxer.hikari.HikariDataSource       : TechCodeHikariPool - Shutdown completed.
2025-12-09T16:35:59.380+05:30  INFO 6540 --- [studentmgmt] [restartedMain] c.t.studentmgmt.studentmgmtApplication   : Starting studentmgmtApplication using Java 17.0.12 with PID 6540 (F:\Spring-Workspace\student-management-jpa\target\classes started by pavansiddabathula in F:\Spring-Workspace\student-management-jpa)
2025-12-09T16:35:59.382+05:30  INFO 6540 --- [studentmgmt] [restartedMain] c.t.studentmgmt.studentmgmtApplication   : The following 1 profile is active: "null"
2025-12-09T16:35:59.417+05:30  INFO 6540 --- [studentmgmt] [restartedMain] .e.DevToolsPropertyDefaultsPostProcessor : Devtools property defaults active! Set 'spring.devtools.add-properties' to 'false' to disable
2025-12-09T16:35:59.417+05:30  INFO 6540 --- [studentmgmt] [restartedMain] .e.DevToolsPropertyDefaultsPostProcessor : For additional web related logging consider setting the 'logging.level.web' property to 'DEBUG'
2025-12-09T16:36:00.004+05:30  INFO 6540 --- [studentmgmt] [restartedMain] .s.d.r.c.RepositoryConfigurationDelegate : Bootstrapping Spring Data JPA repositories in DEFAULT mode.
2025-12-09T16:36:00.054+05:30  INFO 6540 --- [studentmgmt] [restartedMain] .s.d.r.c.RepositoryConfigurationDelegate : Finished Spring Data repository scanning in 42 ms. Found 2 JPA repository interfaces.
2025-12-09T16:36:00.532+05:30  INFO 6540 --- [studentmgmt] [restartedMain] o.s.b.w.embedded.tomcat.TomcatWebServer  : Tomcat initialized with port 8080 (http)
2025-12-09T16:36:00.541+05:30  INFO 6540 --- [studentmgmt] [restartedMain] o.apache.catalina.core.StandardService   : Starting service [Tomcat]
2025-12-09T16:36:00.542+05:30  INFO 6540 --- [studentmgmt] [restartedMain] o.apache.catalina.core.StandardEngine    : Starting Servlet engine: [Apache Tomcat/10.1.48]
2025-12-09T16:36:00.574+05:30  INFO 6540 --- [studentmgmt] [restartedMain] o.a.c.c.C.[Tomcat].[localhost].[/]       : Initializing Spring embedded WebApplicationContext
2025-12-09T16:36:00.575+05:30  INFO 6540 --- [studentmgmt] [restartedMain] w.s.c.ServletWebServerApplicationContext : Root WebApplicationContext: initialization completed in 1158 ms
2025-12-09T16:36:00.919+05:30  INFO 6540 --- [studentmgmt] [restartedMain] com.zaxxer.hikari.HikariDataSource       : TechCodeHikariPool - Starting...
2025-12-09T16:36:01.024+05:30  INFO 6540 --- [studentmgmt] [restartedMain] com.zaxxer.hikari.pool.HikariPool        : TechCodeHikariPool - Added connection com.mysql.cj.jdbc.ConnectionImpl@5ceaddd1
2025-12-09T16:36:01.025+05:30  INFO 6540 --- [studentmgmt] [restartedMain] com.zaxxer.hikari.HikariDataSource       : TechCodeHikariPool - Start completed.
2025-12-09T16:36:01.973+05:30  INFO 6540 --- [studentmgmt] [restartedMain] o.s.d.j.r.query.QueryEnhancerFactory     : Hibernate is in classpath; If applicable, HQL parser will be used.
2025-12-09T16:36:02.222+05:30  WARN 6540 --- [studentmgmt] [restartedMain] JpaBaseConfiguration$JpaWebConfiguration : spring.jpa.open-in-view is enabled by default. Therefore, database queries may be performed during view rendering. Explicitly configure spring.jpa.open-in-view to disable this warning
2025-12-09T16:36:02.254+05:30  INFO 6540 --- [studentmgmt] [restartedMain] r$InitializeUserDetailsManagerConfigurer : Global AuthenticationManager configured with UserDetailsService bean with name customUserDetailsService
2025-12-09T16:36:02.708+05:30  INFO 6540 --- [studentmgmt] [restartedMain] o.s.b.d.a.OptionalLiveReloadServer       : LiveReload server is running on port 35729
2025-12-09T16:36:02.733+05:30  INFO 6540 --- [studentmgmt] [restartedMain] o.s.b.w.embedded.tomcat.TomcatWebServer  : Tomcat started on port 8080 (http) with context path '/'
2025-12-09T16:36:02.741+05:30  INFO 6540 --- [studentmgmt] [restartedMain] c.t.studentmgmt.studentmgmtApplication   : Started studentmgmtApplication in 3.677 seconds (process running for 3.963)
2025-12-09T16:51:09.460+05:30  INFO 6540 --- [studentmgmt] [File Watcher] rtingClassPathChangeChangedEventListener : Restarting due to 5 class path changes (3 additions, 0 deletions, 2 modifications)
2025-12-09T16:51:09.465+05:30  INFO 6540 --- [studentmgmt] [Thread-5] o.s.b.w.e.tomcat.GracefulShutdown        : Commencing graceful shutdown. Waiting for active requests to complete
2025-12-09T16:51:09.554+05:30  INFO 6540 --- [studentmgmt] [tomcat-shutdown] o.s.b.w.e.tomcat.GracefulShutdown        : Graceful shutdown complete
2025-12-09T16:51:09.559+05:30  INFO 6540 --- [studentmgmt] [Thread-5] com.zaxxer.hikari.HikariDataSource       : TechCodeHikariPool - Shutdown initiated...
2025-12-09T16:51:09.563+05:30  INFO 6540 --- [studentmgmt] [Thread-5] com.zaxxer.hikari.HikariDataSource       : TechCodeHikariPool - Shutdown completed.
2025-12-09T16:51:09.617+05:30  INFO 6540 --- [studentmgmt] [restartedMain] c.t.studentmgmt.studentmgmtApplication   : Starting studentmgmtApplication using Java 17.0.12 with PID 6540 (F:\Spring-Workspace\student-management-jpa\target\classes started by pavansiddabathula in F:\Spring-Workspace\student-management-jpa)
2025-12-09T16:51:09.618+05:30  INFO 6540 --- [studentmgmt] [restartedMain] c.t.studentmgmt.studentmgmtApplication   : The following 1 profile is active: "null"
2025-12-09T16:51:09.750+05:30  INFO 6540 --- [studentmgmt] [restartedMain] .s.d.r.c.RepositoryConfigurationDelegate : Bootstrapping Spring Data JPA repositories in DEFAULT mode.
2025-12-09T16:51:09.762+05:30  INFO 6540 --- [studentmgmt] [restartedMain] .s.d.r.c.RepositoryConfigurationDelegate : Finished Spring Data repository scanning in 10 ms. Found 2 JPA repository interfaces.
2025-12-09T16:51:09.838+05:30  INFO 6540 --- [studentmgmt] [restartedMain] o.s.b.w.embedded.tomcat.TomcatWebServer  : Tomcat initialized with port 8080 (http)
2025-12-09T16:51:09.839+05:30  INFO 6540 --- [studentmgmt] [restartedMain] o.apache.catalina.core.StandardService   : Starting service [Tomcat]
2025-12-09T16:51:09.839+05:30  INFO 6540 --- [studentmgmt] [restartedMain] o.apache.catalina.core.StandardEngine    : Starting Servlet engine: [Apache Tomcat/10.1.48]
2025-12-09T16:51:09.850+05:30  INFO 6540 --- [studentmgmt] [restartedMain] o.a.c.c.C.[Tomcat].[localhost].[/]       : Initializing Spring embedded WebApplicationContext
2025-12-09T16:51:09.850+05:30  INFO 6540 --- [studentmgmt] [restartedMain] w.s.c.ServletWebServerApplicationContext : Root WebApplicationContext: initialization completed in 231 ms
2025-12-09T16:51:09.890+05:30  INFO 6540 --- [studentmgmt] [restartedMain] com.zaxxer.hikari.HikariDataSource       : TechCodeHikariPool - Starting...
2025-12-09T16:51:09.894+05:30  INFO 6540 --- [studentmgmt] [restartedMain] com.zaxxer.hikari.pool.HikariPool        : TechCodeHikariPool - Added connection com.mysql.cj.jdbc.ConnectionImpl@2dc42e0a
2025-12-09T16:51:09.894+05:30  INFO 6540 --- [studentmgmt] [restartedMain] com.zaxxer.hikari.HikariDataSource       : TechCodeHikariPool - Start completed.
2025-12-09T16:51:10.181+05:30  WARN 6540 --- [studentmgmt] [restartedMain] JpaBaseConfiguration$JpaWebConfiguration : spring.jpa.open-in-view is enabled by default. Therefore, database queries may be performed during view rendering. Explicitly configure spring.jpa.open-in-view to disable this warning
2025-12-09T16:51:10.195+05:30  INFO 6540 --- [studentmgmt] [restartedMain] r$InitializeUserDetailsManagerConfigurer : Global AuthenticationManager configured with UserDetailsService bean with name customUserDetailsService
2025-12-09T16:51:10.368+05:30  INFO 6540 --- [studentmgmt] [restartedMain] o.s.b.d.a.OptionalLiveReloadServer       : LiveReload server is running on port 35729
2025-12-09T16:51:10.376+05:30  INFO 6540 --- [studentmgmt] [restartedMain] o.s.b.w.embedded.tomcat.TomcatWebServer  : Tomcat started on port 8080 (http) with context path '/'
2025-12-09T16:51:10.379+05:30  INFO 6540 --- [studentmgmt] [restartedMain] c.t.studentmgmt.studentmgmtApplication   : Started studentmgmtApplication in 0.775 seconds (process running for 911.602)
2025-12-09T16:51:10.381+05:30  INFO 6540 --- [studentmgmt] [restartedMain] .ConditionEvaluationDeltaLoggingListener : Condition evaluation unchanged
2025-12-09T17:01:46.549+05:30  INFO 6540 --- [studentmgmt] [File Watcher] rtingClassPathChangeChangedEventListener : Restarting due to 1 class path change (0 additions, 0 deletions, 1 modification)
2025-12-09T17:01:46.551+05:30  INFO 6540 --- [studentmgmt] [Thread-7] o.s.b.w.e.tomcat.GracefulShutdown        : Commencing graceful shutdown. Waiting for active requests to complete
2025-12-09T17:01:46.652+05:30  INFO 6540 --- [studentmgmt] [tomcat-shutdown] o.s.b.w.e.tomcat.GracefulShutdown        : Graceful shutdown complete
2025-12-09T17:01:46.655+05:30  INFO 6540 --- [studentmgmt] [Thread-7] com.zaxxer.hikari.HikariDataSource       : TechCodeHikariPool - Shutdown initiated...
2025-12-09T17:01:46.657+05:30  INFO 6540 --- [studentmgmt] [Thread-7] com.zaxxer.hikari.HikariDataSource       : TechCodeHikariPool - Shutdown completed.
2025-12-09T17:01:46.729+05:30  INFO 6540 --- [studentmgmt] [restartedMain] c.t.studentmgmt.studentmgmtApplication   : Starting studentmgmtApplication using Java 17.0.12 with PID 6540 (F:\Spring-Workspace\student-management-jpa\target\classes started by pavansiddabathula in F:\Spring-Workspace\student-management-jpa)
2025-12-09T17:01:46.729+05:30  INFO 6540 --- [studentmgmt] [restartedMain] c.t.studentmgmt.studentmgmtApplication   : The following 1 profile is active: "null"
2025-12-09T17:01:46.892+05:30  INFO 6540 --- [studentmgmt] [restartedMain] .s.d.r.c.RepositoryConfigurationDelegate : Bootstrapping Spring Data JPA repositories in DEFAULT mode.
2025-12-09T17:01:46.905+05:30  INFO 6540 --- [studentmgmt] [restartedMain] .s.d.r.c.RepositoryConfigurationDelegate : Finished Spring Data repository scanning in 12 ms. Found 2 JPA repository interfaces.
2025-12-09T17:01:46.998+05:30  INFO 6540 --- [studentmgmt] [restartedMain] o.s.b.w.embedded.tomcat.TomcatWebServer  : Tomcat initialized with port 8080 (http)
2025-12-09T17:01:46.999+05:30  INFO 6540 --- [studentmgmt] [restartedMain] o.apache.catalina.core.StandardService   : Starting service [Tomcat]
2025-12-09T17:01:46.999+05:30  INFO 6540 --- [studentmgmt] [restartedMain] o.apache.catalina.core.StandardEngine    : Starting Servlet engine: [Apache Tomcat/10.1.48]
2025-12-09T17:01:47.013+05:30  INFO 6540 --- [studentmgmt] [restartedMain] o.a.c.c.C.[Tomcat].[localhost].[/]       : Initializing Spring embedded WebApplicationContext
2025-12-09T17:01:47.013+05:30  INFO 6540 --- [studentmgmt] [restartedMain] w.s.c.ServletWebServerApplicationContext : Root WebApplicationContext: initialization completed in 281 ms
2025-12-09T17:01:47.052+05:30  INFO 6540 --- [studentmgmt] [restartedMain] com.zaxxer.hikari.HikariDataSource       : TechCodeHikariPool - Starting...
2025-12-09T17:01:47.057+05:30  INFO 6540 --- [studentmgmt] [restartedMain] com.zaxxer.hikari.pool.HikariPool        : TechCodeHikariPool - Added connection com.mysql.cj.jdbc.ConnectionImpl@6d59528e
2025-12-09T17:01:47.057+05:30  INFO 6540 --- [studentmgmt] [restartedMain] com.zaxxer.hikari.HikariDataSource       : TechCodeHikariPool - Start completed.
2025-12-09T17:01:47.400+05:30  WARN 6540 --- [studentmgmt] [restartedMain] JpaBaseConfiguration$JpaWebConfiguration : spring.jpa.open-in-view is enabled by default. Therefore, database queries may be performed during view rendering. Explicitly configure spring.jpa.open-in-view to disable this warning
2025-12-09T17:01:47.416+05:30  INFO 6540 --- [studentmgmt] [restartedMain] r$InitializeUserDetailsManagerConfigurer : Global AuthenticationManager configured with UserDetailsService bean with name customUserDetailsService
2025-12-09T17:01:47.633+05:30  INFO 6540 --- [studentmgmt] [restartedMain] o.s.b.d.a.OptionalLiveReloadServer       : LiveReload server is running on port 35729
2025-12-09T17:01:47.643+05:30  INFO 6540 --- [studentmgmt] [restartedMain] o.s.b.w.embedded.tomcat.TomcatWebServer  : Tomcat started on port 8080 (http) with context path '/'
2025-12-09T17:01:47.647+05:30  INFO 6540 --- [studentmgmt] [restartedMain] c.t.studentmgmt.studentmgmtApplication   : Started studentmgmtApplication in 0.938 seconds (process running for 1548.869)
2025-12-09T17:01:47.648+05:30  INFO 6540 --- [studentmgmt] [restartedMain] .ConditionEvaluationDeltaLoggingListener : Condition evaluation unchanged
2025-12-09T17:02:28.955+05:30  INFO 6540 --- [studentmgmt] [File Watcher] rtingClassPathChangeChangedEventListener : Restarting due to 2 class path changes (0 additions, 0 deletions, 2 modifications)
2025-12-09T17:02:28.958+05:30  INFO 6540 --- [studentmgmt] [Thread-11] o.s.b.w.e.tomcat.GracefulShutdown        : Commencing graceful shutdown. Waiting for active requests to complete
2025-12-09T17:02:29.048+05:30  INFO 6540 --- [studentmgmt] [tomcat-shutdown] o.s.b.w.e.tomcat.GracefulShutdown        : Graceful shutdown complete
2025-12-09T17:02:29.050+05:30  INFO 6540 --- [studentmgmt] [Thread-11] com.zaxxer.hikari.HikariDataSource       : TechCodeHikariPool - Shutdown initiated...
2025-12-09T17:02:29.052+05:30  INFO 6540 --- [studentmgmt] [Thread-11] com.zaxxer.hikari.HikariDataSource       : TechCodeHikariPool - Shutdown completed.
