[] [INFO ] 2025-12-17 20:12:49.786
                [restartedMain] [studmgmt] com.techcode.studentmgmt.studentmgmtApplication - Starting studentmgmtApplication using Java 17.0.12 with PID 12528 (F:\Spring-Workspace\college-placements-portal\target\classes started by pavansiddabathula in F:\Spring-Workspace\college-placements-portal)
[] [INFO ] 2025-12-17 20:12:49.788
                [restartedMain] [studmgmt] com.techcode.studentmgmt.studentmgmtApplication - The following 1 profile is active: "local"
[] [INFO ] 2025-12-17 20:12:50.052
                [restartedMain] [studmgmt] org.springframework.data.repository.config.RepositoryConfigurationDelegate - Bootstrapping Spring Data JPA repositories in DEFAULT mode.
[] [INFO ] 2025-12-17 20:12:50.068
                [restartedMain] [studmgmt] org.springframework.data.repository.config.RepositoryConfigurationDelegate - Finished Spring Data repository scanning in 14 ms. Found 4 JPA repository interfaces.
[] [INFO ] 2025-12-17 20:12:50.111
                [restartedMain] [studmgmt] org.springframework.cloud.context.scope.GenericScope - BeanFactory id=9e52753f-6893-37de-a83f-58d7466554bf
[] [INFO ] 2025-12-17 20:12:50.284
                [restartedMain] [studmgmt] org.springframework.boot.web.embedded.tomcat.TomcatWebServer - Tomcat initialized with port 8080 (http)
[] [INFO ] 2025-12-17 20:12:50.285
                [restartedMain] [studmgmt] org.apache.coyote.http11.Http11NioProtocol - Initializing ProtocolHandler ["http-nio-8080"]
[] [INFO ] 2025-12-17 20:12:50.285
                [restartedMain] [studmgmt] org.apache.catalina.core.StandardService - Starting service [Tomcat]
[] [INFO ] 2025-12-17 20:12:50.285
                [restartedMain] [studmgmt] org.apache.catalina.core.StandardEngine - Starting Servlet engine: [Apache Tomcat/10.1.40]
[] [INFO ] 2025-12-17 20:12:50.304
                [restartedMain] [studmgmt] org.apache.catalina.core.ContainerBase.[Tomcat].[localhost].[/] - Initializing Spring embedded WebApplicationContext
[] [INFO ] 2025-12-17 20:12:50.304
                [restartedMain] [studmgmt] org.springframework.boot.web.servlet.context.ServletWebServerApplicationContext - Root WebApplicationContext: initialization completed in 514 ms
[] [INFO ] 2025-12-17 20:12:50.512
                [restartedMain] [studmgmt] com.zaxxer.hikari.HikariDataSource - TechCodeHikariPool - Starting...
[] [INFO ] 2025-12-17 20:12:50.517
                [restartedMain] [studmgmt] com.zaxxer.hikari.pool.HikariPool - TechCodeHikariPool - Added connection com.mysql.cj.jdbc.ConnectionImpl@47e00377
[] [INFO ] 2025-12-17 20:12:50.517
                [restartedMain] [studmgmt] com.zaxxer.hikari.HikariDataSource - TechCodeHikariPool - Start completed.
[] [WARN ] 2025-12-17 20:12:51.207
                [restartedMain] [studmgmt] org.springframework.boot.autoconfigure.orm.jpa.JpaBaseConfiguration$JpaWebConfiguration - spring.jpa.open-in-view is enabled by default. Therefore, database queries may be performed during view rendering. Explicitly configure spring.jpa.open-in-view to disable this warning
[] [INFO ] 2025-12-17 20:12:51.270
                [restartedMain] [studmgmt] org.springframework.security.config.annotation.authentication.configuration.InitializeUserDetailsBeanManagerConfigurer$InitializeUserDetailsManagerConfigurer - Global AuthenticationManager configured with UserDetailsService bean with name customUserDetailsService
[] [INFO ] 2025-12-17 20:12:51.731
                [restartedMain] [studmgmt] org.springframework.boot.actuate.endpoint.web.EndpointLinksResolver - Exposing 26 endpoints beneath base path '/actuator'
[] [INFO ] 2025-12-17 20:12:52.320
                [restartedMain] [studmgmt] org.springframework.boot.devtools.autoconfigure.OptionalLiveReloadServer - LiveReload server is running on port 35729
[] [INFO ] 2025-12-17 20:12:52.433
                [restartedMain] [studmgmt] org.apache.coyote.http11.Http11NioProtocol - Starting ProtocolHandler ["http-nio-8080"]
[] [INFO ] 2025-12-17 20:12:52.436
                [restartedMain] [studmgmt] org.springframework.boot.web.embedded.tomcat.TomcatWebServer - Tomcat started on port 8080 (http) with context path '/'
[] [INFO ] 2025-12-17 20:12:52.485
                [restartedMain] [studmgmt] com.techcode.studentmgmt.studentmgmtApplication - Started studentmgmtApplication in 2.762 seconds (process running for 147.922)
[] [INFO ] 2025-12-17 20:12:52.488
                [restartedMain] [studmgmt] org.springframework.boot.devtools.autoconfigure.ConditionEvaluationDeltaLoggingListener - Condition evaluation unchanged
[] [INFO ] 2025-12-17 20:13:07.114
                [File Watcher] [studmgmt] org.springframework.boot.devtools.autoconfigure.LocalDevToolsAutoConfiguration$RestartingClassPathChangeChangedEventListener - Restarting due to 1 class path change (0 additions, 0 deletions, 1 modification)
[] [INFO ] 2025-12-17 20:13:07.116
                [Thread-9] [studmgmt] org.springframework.boot.web.embedded.tomcat.GracefulShutdown - Commencing graceful shutdown. Waiting for active requests to complete
[] [INFO ] 2025-12-17 20:13:07.116
                [tomcat-shutdown] [studmgmt] org.apache.coyote.http11.Http11NioProtocol - Pausing ProtocolHandler ["http-nio-8080"]
[] [INFO ] 2025-12-17 20:13:07.201
                [tomcat-shutdown] [studmgmt] org.springframework.boot.web.embedded.tomcat.GracefulShutdown - Graceful shutdown complete
[] [INFO ] 2025-12-17 20:13:07.201
                [Thread-9] [studmgmt] org.apache.coyote.http11.Http11NioProtocol - Stopping ProtocolHandler ["http-nio-8080"]
[] [INFO ] 2025-12-17 20:13:07.205
                [Thread-9] [studmgmt] com.zaxxer.hikari.HikariDataSource - TechCodeHikariPool - Shutdown initiated...
[] [INFO ] 2025-12-17 20:13:07.206
                [Thread-9] [studmgmt] com.zaxxer.hikari.HikariDataSource - TechCodeHikariPool - Shutdown completed.
