INFO  com.techcode.studentmgmt.studentmgmtApplication - Starting studentmgmtApplication using Java 17.0.12 with PID 7464 (F:\Spring-Workspace\college-placements-portal\target\classes started by pavansiddabathula in F:\Spring-Workspace\college-placements-portal)
INFO  com.techcode.studentmgmt.studentmgmtApplication - The following 1 profile is active: "local"
INFO  org.springframework.data.repository.config.RepositoryConfigurationDelegate - Bootstrapping Spring Data JPA repositories in DEFAULT mode.
INFO  org.springframework.data.repository.config.RepositoryConfigurationDelegate - Finished Spring Data repository scanning in 16 ms. Found 4 JPA repository interfaces.
INFO  org.springframework.cloud.context.scope.GenericScope - BeanFactory id=9e52753f-6893-37de-a83f-58d7466554bf
INFO  org.springframework.boot.web.embedded.tomcat.TomcatWebServer - Tomcat initialized with port 8080 (http)
INFO  org.apache.catalina.core.StandardService - Starting service [Tomcat]
INFO  org.apache.catalina.core.StandardEngine - Starting Servlet engine: [Apache Tomcat/10.1.40]
INFO  org.apache.catalina.core.ContainerBase.[Tomcat].[localhost].[/] - Initializing Spring embedded WebApplicationContext
INFO  org.springframework.boot.web.servlet.context.ServletWebServerApplicationContext - Root WebApplicationContext: initialization completed in 484 ms
INFO  com.zaxxer.hikari.HikariDataSource - TechCodeHikariPool - Starting...
INFO  com.zaxxer.hikari.pool.HikariPool - TechCodeHikariPool - Added connection com.mysql.cj.jdbc.ConnectionImpl@3d9c71d1
INFO  com.zaxxer.hikari.HikariDataSource - TechCodeHikariPool - Start completed.
WARN  org.springframework.boot.autoconfigure.orm.jpa.JpaBaseConfiguration$JpaWebConfiguration - spring.jpa.open-in-view is enabled by default. Therefore, database queries may be performed during view rendering. Explicitly configure spring.jpa.open-in-view to disable this warning
INFO  org.springframework.security.config.annotation.authentication.configuration.InitializeUserDetailsBeanManagerConfigurer$InitializeUserDetailsManagerConfigurer - Global AuthenticationManager configured with UserDetailsService bean with name customUserDetailsService
INFO  org.springframework.boot.actuate.endpoint.web.EndpointLinksResolver - Exposing 26 endpoints beneath base path '/actuator'
INFO  org.springframework.boot.devtools.autoconfigure.OptionalLiveReloadServer - LiveReload server is running on port 35729
INFO  org.springframework.boot.web.embedded.tomcat.TomcatWebServer - Tomcat started on port 8080 (http) with context path '/'
INFO  com.techcode.studentmgmt.studentmgmtApplication - Started studentmgmtApplication in 5.921 seconds (process running for 1152.318)
INFO  org.springframework.boot.devtools.autoconfigure.ConditionEvaluationDeltaLoggingListener - Condition evaluation unchanged
INFO  org.springframework.boot.devtools.autoconfigure.LocalDevToolsAutoConfiguration$RestartingClassPathChangeChangedEventListener - Restarting due to 1 class path change (0 additions, 0 deletions, 1 modification)
INFO  org.springframework.boot.web.embedded.tomcat.GracefulShutdown - Commencing graceful shutdown. Waiting for active requests to complete
INFO  org.springframework.boot.web.embedded.tomcat.GracefulShutdown - Graceful shutdown complete
INFO  com.zaxxer.hikari.HikariDataSource - TechCodeHikariPool - Shutdown initiated...
INFO  com.zaxxer.hikari.HikariDataSource - TechCodeHikariPool - Shutdown completed.
INFO  com.techcode.studentmgmt.studentmgmtApplication - Starting studentmgmtApplication using Java 17.0.12 with PID 7464 (F:\Spring-Workspace\college-placements-portal\target\classes started by pavansiddabathula in F:\Spring-Workspace\college-placements-portal)
INFO  com.techcode.studentmgmt.studentmgmtApplication - The following 1 profile is active: "local"
INFO  org.springframework.data.repository.config.RepositoryConfigurationDelegate - Bootstrapping Spring Data JPA repositories in DEFAULT mode.
INFO  org.springframework.data.repository.config.RepositoryConfigurationDelegate - Finished Spring Data repository scanning in 35 ms. Found 4 JPA repository interfaces.
INFO  org.springframework.cloud.context.scope.GenericScope - BeanFactory id=9e52753f-6893-37de-a83f-58d7466554bf
INFO  org.springframework.boot.web.embedded.tomcat.TomcatWebServer - Tomcat initialized with port 8080 (http)
INFO  org.apache.catalina.core.StandardService - Starting service [Tomcat]
INFO  org.apache.catalina.core.StandardEngine - Starting Servlet engine: [Apache Tomcat/10.1.40]
INFO  org.apache.catalina.core.ContainerBase.[Tomcat].[localhost].[/] - Initializing Spring embedded WebApplicationContext
INFO  org.springframework.boot.web.servlet.context.ServletWebServerApplicationContext - Root WebApplicationContext: initialization completed in 1244 ms
INFO  com.zaxxer.hikari.HikariDataSource - TechCodeHikariPool - Starting...
INFO  com.zaxxer.hikari.pool.HikariPool - TechCodeHikariPool - Added connection com.mysql.cj.jdbc.ConnectionImpl@5e1c0a96
INFO  com.zaxxer.hikari.HikariDataSource - TechCodeHikariPool - Start completed.
WARN  org.springframework.boot.autoconfigure.orm.jpa.JpaBaseConfiguration$JpaWebConfiguration - spring.jpa.open-in-view is enabled by default. Therefore, database queries may be performed during view rendering. Explicitly configure spring.jpa.open-in-view to disable this warning
INFO  org.springframework.security.config.annotation.authentication.configuration.InitializeUserDetailsBeanManagerConfigurer$InitializeUserDetailsManagerConfigurer - Global AuthenticationManager configured with UserDetailsService bean with name customUserDetailsService
INFO  org.springframework.boot.actuate.endpoint.web.EndpointLinksResolver - Exposing 26 endpoints beneath base path '/actuator'
INFO  org.springframework.boot.devtools.autoconfigure.OptionalLiveReloadServer - LiveReload server is running on port 35729
INFO  org.springframework.boot.web.embedded.tomcat.TomcatWebServer - Tomcat started on port 8080 (http) with context path '/'
INFO  com.techcode.studentmgmt.studentmgmtApplication - Started studentmgmtApplication in 4.262 seconds (process running for 1179.596)
INFO  org.springframework.boot.devtools.autoconfigure.ConditionEvaluationDeltaLoggingListener - Condition evaluation unchanged
INFO  org.springframework.boot.devtools.autoconfigure.LocalDevToolsAutoConfiguration$RestartingClassPathChangeChangedEventListener - Restarting due to 1 class path change (0 additions, 0 deletions, 1 modification)
INFO  org.springframework.boot.web.embedded.tomcat.GracefulShutdown - Commencing graceful shutdown. Waiting for active requests to complete
INFO  org.springframework.boot.web.embedded.tomcat.GracefulShutdown - Graceful shutdown complete
INFO  com.zaxxer.hikari.HikariDataSource - TechCodeHikariPool - Shutdown initiated...
INFO  com.zaxxer.hikari.HikariDataSource - TechCodeHikariPool - Shutdown completed.
INFO  com.techcode.studentmgmt.studentmgmtApplication - Starting studentmgmtApplication using Java 17.0.12 with PID 7464 (F:\Spring-Workspace\college-placements-portal\target\classes started by pavansiddabathula in F:\Spring-Workspace\college-placements-portal)
INFO  com.techcode.studentmgmt.studentmgmtApplication - The following 1 profile is active: "local"
INFO  org.springframework.data.repository.config.RepositoryConfigurationDelegate - Bootstrapping Spring Data JPA repositories in DEFAULT mode.
INFO  org.springframework.data.repository.config.RepositoryConfigurationDelegate - Finished Spring Data repository scanning in 14 ms. Found 4 JPA repository interfaces.
INFO  org.springframework.cloud.context.scope.GenericScope - BeanFactory id=9e52753f-6893-37de-a83f-58d7466554bf
INFO  org.springframework.boot.web.embedded.tomcat.TomcatWebServer - Tomcat initialized with port 8080 (http)
INFO  org.apache.catalina.core.StandardService - Starting service [Tomcat]
INFO  org.apache.catalina.core.StandardEngine - Starting Servlet engine: [Apache Tomcat/10.1.40]
INFO  org.apache.catalina.core.ContainerBase.[Tomcat].[localhost].[/] - Initializing Spring embedded WebApplicationContext
INFO  org.springframework.boot.web.servlet.context.ServletWebServerApplicationContext - Root WebApplicationContext: initialization completed in 482 ms
INFO  com.zaxxer.hikari.HikariDataSource - TechCodeHikariPool - Starting...
INFO  com.zaxxer.hikari.pool.HikariPool - TechCodeHikariPool - Added connection com.mysql.cj.jdbc.ConnectionImpl@21837ad5
INFO  com.zaxxer.hikari.HikariDataSource - TechCodeHikariPool - Start completed.
WARN  org.springframework.boot.autoconfigure.orm.jpa.JpaBaseConfiguration$JpaWebConfiguration - spring.jpa.open-in-view is enabled by default. Therefore, database queries may be performed during view rendering. Explicitly configure spring.jpa.open-in-view to disable this warning
INFO  org.springframework.security.config.annotation.authentication.configuration.InitializeUserDetailsBeanManagerConfigurer$InitializeUserDetailsManagerConfigurer - Global AuthenticationManager configured with UserDetailsService bean with name customUserDetailsService
INFO  org.springframework.boot.actuate.endpoint.web.EndpointLinksResolver - Exposing 26 endpoints beneath base path '/actuator'
INFO  org.springframework.boot.devtools.autoconfigure.OptionalLiveReloadServer - LiveReload server is running on port 35729
INFO  org.springframework.boot.web.embedded.tomcat.TomcatWebServer - Tomcat started on port 8080 (http) with context path '/'
INFO  com.techcode.studentmgmt.studentmgmtApplication - Started studentmgmtApplication in 6.075 seconds (process running for 1206.587)
INFO  org.springframework.boot.devtools.autoconfigure.ConditionEvaluationDeltaLoggingListener - Condition evaluation unchanged
INFO  org.springframework.boot.devtools.autoconfigure.LocalDevToolsAutoConfiguration$RestartingClassPathChangeChangedEventListener - Restarting due to 1 class path change (0 additions, 0 deletions, 1 modification)
INFO  org.springframework.boot.web.embedded.tomcat.GracefulShutdown - Commencing graceful shutdown. Waiting for active requests to complete
INFO  org.springframework.boot.web.embedded.tomcat.GracefulShutdown - Graceful shutdown complete
INFO  com.zaxxer.hikari.HikariDataSource - TechCodeHikariPool - Shutdown initiated...
INFO  com.zaxxer.hikari.HikariDataSource - TechCodeHikariPool - Shutdown completed.
INFO  com.techcode.studentmgmt.studentmgmtApplication - Starting studentmgmtApplication using Java 17.0.12 with PID 7464 (F:\Spring-Workspace\college-placements-portal\target\classes started by pavansiddabathula in F:\Spring-Workspace\college-placements-portal)
INFO  com.techcode.studentmgmt.studentmgmtApplication - The following 1 profile is active: "local"
INFO  org.springframework.data.repository.config.RepositoryConfigurationDelegate - Bootstrapping Spring Data JPA repositories in DEFAULT mode.
INFO  org.springframework.data.repository.config.RepositoryConfigurationDelegate - Finished Spring Data repository scanning in 14 ms. Found 4 JPA repository interfaces.
INFO  org.springframework.cloud.context.scope.GenericScope - BeanFactory id=9e52753f-6893-37de-a83f-58d7466554bf
INFO  org.springframework.boot.web.embedded.tomcat.TomcatWebServer - Tomcat initialized with port 8080 (http)
INFO  org.apache.catalina.core.StandardService - Starting service [Tomcat]
INFO  org.apache.catalina.core.StandardEngine - Starting Servlet engine: [Apache Tomcat/10.1.40]
INFO  org.apache.catalina.core.ContainerBase.[Tomcat].[localhost].[/] - Initializing Spring embedded WebApplicationContext
INFO  org.springframework.boot.web.servlet.context.ServletWebServerApplicationContext - Root WebApplicationContext: initialization completed in 505 ms
INFO  com.zaxxer.hikari.HikariDataSource - TechCodeHikariPool - Starting...
INFO  com.zaxxer.hikari.pool.HikariPool - TechCodeHikariPool - Added connection com.mysql.cj.jdbc.ConnectionImpl@754d472
INFO  com.zaxxer.hikari.HikariDataSource - TechCodeHikariPool - Start completed.
WARN  org.springframework.boot.autoconfigure.orm.jpa.JpaBaseConfiguration$JpaWebConfiguration - spring.jpa.open-in-view is enabled by default. Therefore, database queries may be performed during view rendering. Explicitly configure spring.jpa.open-in-view to disable this warning
INFO  org.springframework.security.config.annotation.authentication.configuration.InitializeUserDetailsBeanManagerConfigurer$InitializeUserDetailsManagerConfigurer - Global AuthenticationManager configured with UserDetailsService bean with name customUserDetailsService
INFO  org.springframework.boot.actuate.endpoint.web.EndpointLinksResolver - Exposing 26 endpoints beneath base path '/actuator'
INFO  org.springframework.boot.devtools.autoconfigure.OptionalLiveReloadServer - LiveReload server is running on port 35729
INFO  org.springframework.boot.web.embedded.tomcat.TomcatWebServer - Tomcat started on port 8080 (http) with context path '/'
INFO  com.techcode.studentmgmt.studentmgmtApplication - Started studentmgmtApplication in 2.61 seconds (process running for 1243.177)
INFO  org.springframework.boot.devtools.autoconfigure.ConditionEvaluationDeltaLoggingListener - Condition evaluation unchanged
INFO  org.springframework.boot.devtools.autoconfigure.LocalDevToolsAutoConfiguration$RestartingClassPathChangeChangedEventListener - Restarting due to 1 class path change (0 additions, 0 deletions, 1 modification)
INFO  org.springframework.boot.web.embedded.tomcat.GracefulShutdown - Commencing graceful shutdown. Waiting for active requests to complete
INFO  org.springframework.boot.web.embedded.tomcat.GracefulShutdown - Graceful shutdown complete
INFO  com.zaxxer.hikari.HikariDataSource - TechCodeHikariPool - Shutdown initiated...
INFO  com.zaxxer.hikari.HikariDataSource - TechCodeHikariPool - Shutdown completed.
