INFO  com.techcode.studentmgmt.studentmgmtApplication - Starting studentmgmtApplication using Java 17.0.12 with PID 7464 (F:\Spring-Workspace\college-placements-portal\target\classes started by pavansiddabathula in F:\Spring-Workspace\college-placements-portal)
INFO  com.techcode.studentmgmt.studentmgmtApplication - The following 1 profile is active: "local"
INFO  org.springframework.data.repository.config.RepositoryConfigurationDelegate - Bootstrapping Spring Data JPA repositories in DEFAULT mode.
INFO  org.springframework.data.repository.config.RepositoryConfigurationDelegate - Finished Spring Data repository scanning in 13 ms. Found 4 JPA repository interfaces.
INFO  org.springframework.cloud.context.scope.GenericScope - BeanFactory id=9e52753f-6893-37de-a83f-58d7466554bf
INFO  org.springframework.boot.web.embedded.tomcat.TomcatWebServer - Tomcat initialized with port 8080 (http)
INFO  org.apache.catalina.core.StandardService - Starting service [Tomcat]
INFO  org.apache.catalina.core.StandardEngine - Starting Servlet engine: [Apache Tomcat/10.1.40]
INFO  org.apache.catalina.core.ContainerBase.[Tomcat].[localhost].[/] - Initializing Spring embedded WebApplicationContext
INFO  org.springframework.boot.web.servlet.context.ServletWebServerApplicationContext - Root WebApplicationContext: initialization completed in 440 ms
INFO  com.zaxxer.hikari.HikariDataSource - TechCodeHikariPool - Starting...
INFO  com.zaxxer.hikari.pool.HikariPool - TechCodeHikariPool - Added connection com.mysql.cj.jdbc.ConnectionImpl@3fe9bee3
INFO  com.zaxxer.hikari.HikariDataSource - TechCodeHikariPool - Start completed.
WARN  org.springframework.boot.autoconfigure.orm.jpa.JpaBaseConfiguration$JpaWebConfiguration - spring.jpa.open-in-view is enabled by default. Therefore, database queries may be performed during view rendering. Explicitly configure spring.jpa.open-in-view to disable this warning
INFO  org.springframework.security.config.annotation.authentication.configuration.InitializeUserDetailsBeanManagerConfigurer$InitializeUserDetailsManagerConfigurer - Global AuthenticationManager configured with UserDetailsService bean with name customUserDetailsService
INFO  org.springframework.boot.actuate.endpoint.web.EndpointLinksResolver - Exposing 26 endpoints beneath base path '/actuator'
INFO  org.springframework.boot.devtools.autoconfigure.OptionalLiveReloadServer - LiveReload server is running on port 35729
INFO  org.springframework.boot.web.embedded.tomcat.TomcatWebServer - Tomcat started on port 8080 (http) with context path '/'
INFO  com.techcode.studentmgmt.studentmgmtApplication - Started studentmgmtApplication in 2.46 seconds (process running for 1262.5)
INFO  org.springframework.boot.devtools.autoconfigure.ConditionEvaluationDeltaLoggingListener - Condition evaluation unchanged
INFO  org.springframework.boot.devtools.autoconfigure.LocalDevToolsAutoConfiguration$RestartingClassPathChangeChangedEventListener - Restarting due to 1 class path change (0 additions, 0 deletions, 1 modification)
INFO  org.springframework.boot.web.embedded.tomcat.GracefulShutdown - Commencing graceful shutdown. Waiting for active requests to complete
INFO  org.springframework.boot.web.embedded.tomcat.GracefulShutdown - Graceful shutdown complete
INFO  com.zaxxer.hikari.HikariDataSource - TechCodeHikariPool - Shutdown initiated...
INFO  com.zaxxer.hikari.HikariDataSource - TechCodeHikariPool - Shutdown completed.
INFO  com.techcode.studentmgmt.studentmgmtApplication - Starting studentmgmtApplication using Java 17.0.12 with PID 7464 (F:\Spring-Workspace\college-placements-portal\target\classes started by pavansiddabathula in F:\Spring-Workspace\college-placements-portal)
INFO  com.techcode.studentmgmt.studentmgmtApplication - The following 1 profile is active: "local"
INFO  org.springframework.data.repository.config.RepositoryConfigurationDelegate - Bootstrapping Spring Data JPA repositories in DEFAULT mode.
INFO  org.springframework.data.repository.config.RepositoryConfigurationDelegate - Finished Spring Data repository scanning in 13 ms. Found 4 JPA repository interfaces.
INFO  org.springframework.cloud.context.scope.GenericScope - BeanFactory id=9e52753f-6893-37de-a83f-58d7466554bf
INFO  org.springframework.boot.web.embedded.tomcat.TomcatWebServer - Tomcat initialized with port 8080 (http)
INFO  org.apache.catalina.core.StandardService - Starting service [Tomcat]
INFO  org.apache.catalina.core.StandardEngine - Starting Servlet engine: [Apache Tomcat/10.1.40]
INFO  org.apache.catalina.core.ContainerBase.[Tomcat].[localhost].[/] - Initializing Spring embedded WebApplicationContext
INFO  org.springframework.boot.web.servlet.context.ServletWebServerApplicationContext - Root WebApplicationContext: initialization completed in 523 ms
INFO  com.zaxxer.hikari.HikariDataSource - TechCodeHikariPool - Starting...
INFO  com.zaxxer.hikari.pool.HikariPool - TechCodeHikariPool - Added connection com.mysql.cj.jdbc.ConnectionImpl@6e3c3534
INFO  com.zaxxer.hikari.HikariDataSource - TechCodeHikariPool - Start completed.
WARN  org.springframework.boot.autoconfigure.orm.jpa.JpaBaseConfiguration$JpaWebConfiguration - spring.jpa.open-in-view is enabled by default. Therefore, database queries may be performed during view rendering. Explicitly configure spring.jpa.open-in-view to disable this warning
INFO  org.springframework.security.config.annotation.authentication.configuration.InitializeUserDetailsBeanManagerConfigurer$InitializeUserDetailsManagerConfigurer - Global AuthenticationManager configured with UserDetailsService bean with name customUserDetailsService
INFO  org.springframework.boot.actuate.endpoint.web.EndpointLinksResolver - Exposing 26 endpoints beneath base path '/actuator'
INFO  org.springframework.boot.devtools.autoconfigure.OptionalLiveReloadServer - LiveReload server is running on port 35729
INFO  org.springframework.boot.web.embedded.tomcat.TomcatWebServer - Tomcat started on port 8080 (http) with context path '/'
INFO  com.techcode.studentmgmt.studentmgmtApplication - Started studentmgmtApplication in 2.666 seconds (process running for 1284.117)
INFO  org.springframework.boot.devtools.autoconfigure.ConditionEvaluationDeltaLoggingListener - Condition evaluation unchanged
INFO  org.springframework.boot.devtools.autoconfigure.LocalDevToolsAutoConfiguration$RestartingClassPathChangeChangedEventListener - Restarting due to 1 class path change (0 additions, 0 deletions, 1 modification)
INFO  org.springframework.boot.web.embedded.tomcat.GracefulShutdown - Commencing graceful shutdown. Waiting for active requests to complete
INFO  org.springframework.boot.web.embedded.tomcat.GracefulShutdown - Graceful shutdown complete
INFO  com.zaxxer.hikari.HikariDataSource - TechCodeHikariPool - Shutdown initiated...
INFO  com.zaxxer.hikari.HikariDataSource - TechCodeHikariPool - Shutdown completed.
INFO  com.techcode.studentmgmt.studentmgmtApplication - Starting studentmgmtApplication using Java 17.0.12 with PID 7464 (F:\Spring-Workspace\college-placements-portal\target\classes started by pavansiddabathula in F:\Spring-Workspace\college-placements-portal)
INFO  com.techcode.studentmgmt.studentmgmtApplication - The following 1 profile is active: "local"
INFO  org.springframework.data.repository.config.RepositoryConfigurationDelegate - Bootstrapping Spring Data JPA repositories in DEFAULT mode.
INFO  org.springframework.data.repository.config.RepositoryConfigurationDelegate - Finished Spring Data repository scanning in 14 ms. Found 4 JPA repository interfaces.
INFO  org.springframework.cloud.context.scope.GenericScope - BeanFactory id=9e52753f-6893-37de-a83f-58d7466554bf
INFO  org.springframework.boot.web.embedded.tomcat.TomcatWebServer - Tomcat initialized with port 8080 (http)
INFO  org.apache.catalina.core.StandardService - Starting service [Tomcat]
INFO  org.apache.catalina.core.StandardEngine - Starting Servlet engine: [Apache Tomcat/10.1.40]
INFO  org.apache.catalina.core.ContainerBase.[Tomcat].[localhost].[/] - Initializing Spring embedded WebApplicationContext
INFO  org.springframework.boot.web.servlet.context.ServletWebServerApplicationContext - Root WebApplicationContext: initialization completed in 493 ms
INFO  com.zaxxer.hikari.HikariDataSource - TechCodeHikariPool - Starting...
INFO  com.zaxxer.hikari.pool.HikariPool - TechCodeHikariPool - Added connection com.mysql.cj.jdbc.ConnectionImpl@5f4765e9
INFO  com.zaxxer.hikari.HikariDataSource - TechCodeHikariPool - Start completed.
WARN  org.springframework.boot.autoconfigure.orm.jpa.JpaBaseConfiguration$JpaWebConfiguration - spring.jpa.open-in-view is enabled by default. Therefore, database queries may be performed during view rendering. Explicitly configure spring.jpa.open-in-view to disable this warning
INFO  org.springframework.security.config.annotation.authentication.configuration.InitializeUserDetailsBeanManagerConfigurer$InitializeUserDetailsManagerConfigurer - Global AuthenticationManager configured with UserDetailsService bean with name customUserDetailsService
INFO  org.springframework.boot.actuate.endpoint.web.EndpointLinksResolver - Exposing 26 endpoints beneath base path '/actuator'
INFO  org.springframework.boot.devtools.autoconfigure.OptionalLiveReloadServer - LiveReload server is running on port 35729
INFO  org.springframework.boot.web.embedded.tomcat.TomcatWebServer - Tomcat started on port 8080 (http) with context path '/'
INFO  com.techcode.studentmgmt.studentmgmtApplication - Started studentmgmtApplication in 2.532 seconds (process running for 1300.393)
INFO  org.springframework.boot.devtools.autoconfigure.ConditionEvaluationDeltaLoggingListener - Condition evaluation unchanged
INFO  org.springframework.boot.devtools.autoconfigure.LocalDevToolsAutoConfiguration$RestartingClassPathChangeChangedEventListener - Restarting due to 1 class path change (0 additions, 0 deletions, 1 modification)
INFO  org.springframework.boot.web.embedded.tomcat.GracefulShutdown - Commencing graceful shutdown. Waiting for active requests to complete
INFO  org.springframework.boot.web.embedded.tomcat.GracefulShutdown - Graceful shutdown complete
INFO  com.zaxxer.hikari.HikariDataSource - TechCodeHikariPool - Shutdown initiated...
INFO  com.zaxxer.hikari.HikariDataSource - TechCodeHikariPool - Shutdown completed.
INFO  com.techcode.studentmgmt.studentmgmtApplication - Starting studentmgmtApplication using Java 17.0.12 with PID 7464 (F:\Spring-Workspace\college-placements-portal\target\classes started by pavansiddabathula in F:\Spring-Workspace\college-placements-portal)
INFO  com.techcode.studentmgmt.studentmgmtApplication - The following 1 profile is active: "local"
INFO  org.springframework.data.repository.config.RepositoryConfigurationDelegate - Bootstrapping Spring Data JPA repositories in DEFAULT mode.
INFO  org.springframework.data.repository.config.RepositoryConfigurationDelegate - Finished Spring Data repository scanning in 44 ms. Found 4 JPA repository interfaces.
INFO  org.springframework.cloud.context.scope.GenericScope - BeanFactory id=9e52753f-6893-37de-a83f-58d7466554bf
INFO  org.springframework.boot.web.embedded.tomcat.TomcatWebServer - Tomcat initialized with port 8080 (http)
INFO  org.apache.catalina.core.StandardService - Starting service [Tomcat]
INFO  org.apache.catalina.core.StandardEngine - Starting Servlet engine: [Apache Tomcat/10.1.40]
INFO  org.apache.catalina.core.ContainerBase.[Tomcat].[localhost].[/] - Initializing Spring embedded WebApplicationContext
INFO  org.springframework.boot.web.servlet.context.ServletWebServerApplicationContext - Root WebApplicationContext: initialization completed in 456 ms
INFO  com.zaxxer.hikari.HikariDataSource - TechCodeHikariPool - Starting...
INFO  com.zaxxer.hikari.pool.HikariPool - TechCodeHikariPool - Added connection com.mysql.cj.jdbc.ConnectionImpl@5119b7c5
INFO  com.zaxxer.hikari.HikariDataSource - TechCodeHikariPool - Start completed.
WARN  org.springframework.boot.autoconfigure.orm.jpa.JpaBaseConfiguration$JpaWebConfiguration - spring.jpa.open-in-view is enabled by default. Therefore, database queries may be performed during view rendering. Explicitly configure spring.jpa.open-in-view to disable this warning
INFO  org.springframework.security.config.annotation.authentication.configuration.InitializeUserDetailsBeanManagerConfigurer$InitializeUserDetailsManagerConfigurer - Global AuthenticationManager configured with UserDetailsService bean with name customUserDetailsService
INFO  org.springframework.boot.actuate.endpoint.web.EndpointLinksResolver - Exposing 26 endpoints beneath base path '/actuator'
INFO  org.springframework.boot.devtools.autoconfigure.OptionalLiveReloadServer - LiveReload server is running on port 35729
INFO  org.springframework.boot.web.embedded.tomcat.TomcatWebServer - Tomcat started on port 8080 (http) with context path '/'
INFO  com.techcode.studentmgmt.studentmgmtApplication - Started studentmgmtApplication in 2.406 seconds (process running for 1318.597)
INFO  org.springframework.boot.devtools.autoconfigure.ConditionEvaluationDeltaLoggingListener - Condition evaluation unchanged
INFO  org.apache.catalina.core.ContainerBase.[Tomcat].[localhost].[/] - Initializing Spring DispatcherServlet 'dispatcherServlet'
INFO  org.springframework.web.servlet.DispatcherServlet - Initializing Servlet 'dispatcherServlet'
INFO  org.springframework.web.servlet.DispatcherServlet - Completed initialization in 2 ms
INFO  com.techcode.studentmgmt.controller.AuthController - Admin login attempt: ADM001
INFO  com.techcode.studentmgmt.service.AuthServiceImpl - Admin login attempt for ID: ADM001
ERROR com.techcode.studentmgmt.service.AuthServiceImpl - Invalid password for admin ID: ADM001
WARN  com.techcode.studentmgmt.exceptions.GlobalExceptionHandler - Business exception caught: INVALID_ADMIN_PASSWORD
WARN  org.springframework.web.servlet.mvc.method.annotation.ExceptionHandlerExceptionResolver - Resolved [com.techcode.studentmgmt.exceptions.BusinessException: Invalid password for admin ID 'ADM001'.]
INFO  com.techcode.studentmgmt.config.ApiTimingFilter - API Time :: [POST /api/auth/admin/login] took 209 ms
INFO  com.techcode.studentmgmt.studentmgmtApplicationTests - Starting studentmgmtApplicationTests using Java 17.0.12 with PID 8644 (started by pavansiddabathula in F:\Spring-Workspace\college-placements-portal)
INFO  com.techcode.studentmgmt.studentmgmtApplicationTests - The following 1 profile is active: "local"
INFO  org.springframework.data.repository.config.RepositoryConfigurationDelegate - Bootstrapping Spring Data JPA repositories in DEFAULT mode.
INFO  org.springframework.data.repository.config.RepositoryConfigurationDelegate - Finished Spring Data repository scanning in 115 ms. Found 4 JPA repository interfaces.
INFO  org.springframework.cloud.context.scope.GenericScope - BeanFactory id=830a963a-e567-302a-ae1a-ae6084db45e9
INFO  com.techcode.studentmgmt.studentmgmtApplicationTests - Starting studentmgmtApplicationTests using Java 17.0.12 with PID 17280 (started by pavansiddabathula in F:\Spring-Workspace\college-placements-portal)
INFO  com.techcode.studentmgmt.studentmgmtApplicationTests - The following 1 profile is active: "local"
INFO  org.springframework.data.repository.config.RepositoryConfigurationDelegate - Bootstrapping Spring Data JPA repositories in DEFAULT mode.
INFO  org.springframework.data.repository.config.RepositoryConfigurationDelegate - Finished Spring Data repository scanning in 382 ms. Found 4 JPA repository interfaces.
INFO  com.zaxxer.hikari.HikariDataSource - TechCodeHikariPool - Starting...
INFO  org.springframework.cloud.context.scope.GenericScope - BeanFactory id=830a963a-e567-302a-ae1a-ae6084db45e9
INFO  com.zaxxer.hikari.pool.HikariPool - TechCodeHikariPool - Added connection com.mysql.cj.jdbc.ConnectionImpl@7fa8fff
INFO  com.zaxxer.hikari.HikariDataSource - TechCodeHikariPool - Start completed.
INFO  com.zaxxer.hikari.HikariDataSource - TechCodeHikariPool - Starting...
INFO  com.zaxxer.hikari.pool.HikariPool - TechCodeHikariPool - Added connection com.mysql.cj.jdbc.ConnectionImpl@7fa8fff
INFO  com.zaxxer.hikari.HikariDataSource - TechCodeHikariPool - Start completed.
INFO  org.springframework.data.jpa.repository.query.QueryEnhancerFactory - Hibernate is in classpath; If applicable, HQL parser will be used.
INFO  org.springframework.data.jpa.repository.query.QueryEnhancerFactory - Hibernate is in classpath; If applicable, HQL parser will be used.
WARN  org.springframework.boot.autoconfigure.orm.jpa.JpaBaseConfiguration$JpaWebConfiguration - spring.jpa.open-in-view is enabled by default. Therefore, database queries may be performed during view rendering. Explicitly configure spring.jpa.open-in-view to disable this warning
INFO  org.springframework.security.config.annotation.authentication.configuration.InitializeUserDetailsBeanManagerConfigurer$InitializeUserDetailsManagerConfigurer - Global AuthenticationManager configured with UserDetailsService bean with name customUserDetailsService
INFO  org.springframework.boot.actuate.endpoint.web.EndpointLinksResolver - Exposing 26 endpoints beneath base path '/actuator'
WARN  org.springframework.boot.autoconfigure.orm.jpa.JpaBaseConfiguration$JpaWebConfiguration - spring.jpa.open-in-view is enabled by default. Therefore, database queries may be performed during view rendering. Explicitly configure spring.jpa.open-in-view to disable this warning
INFO  org.springframework.security.config.annotation.authentication.configuration.InitializeUserDetailsBeanManagerConfigurer$InitializeUserDetailsManagerConfigurer - Global AuthenticationManager configured with UserDetailsService bean with name customUserDetailsService
INFO  com.techcode.studentmgmt.studentmgmtApplicationTests - Started studentmgmtApplicationTests in 33.614 seconds (process running for 35.066)
INFO  com.zaxxer.hikari.HikariDataSource - TechCodeHikariPool - Shutdown initiated...
INFO  com.zaxxer.hikari.HikariDataSource - TechCodeHikariPool - Shutdown completed.
INFO  org.springframework.boot.actuate.endpoint.web.EndpointLinksResolver - Exposing 26 endpoints beneath base path '/actuator'
INFO  com.techcode.studentmgmt.studentmgmtApplicationTests - Started studentmgmtApplicationTests in 32.989 seconds (process running for 34.479)
INFO  com.zaxxer.hikari.HikariDataSource - TechCodeHikariPool - Shutdown initiated...
INFO  com.zaxxer.hikari.HikariDataSource - TechCodeHikariPool - Shutdown completed.
INFO  com.techcode.studentmgmt.studentmgmtApplication - Starting studentmgmtApplication using Java 17.0.12 with PID 26776 (F:\Spring-Workspace\college-placements-portal\target\classes started by pavansiddabathula in F:\Spring-Workspace\college-placements-portal)
INFO  com.techcode.studentmgmt.studentmgmtApplication - The following 1 profile is active: "local"
INFO  org.springframework.boot.devtools.env.DevToolsPropertyDefaultsPostProcessor - Devtools property defaults active! Set 'spring.devtools.add-properties' to 'false' to disable
INFO  org.springframework.boot.devtools.env.DevToolsPropertyDefaultsPostProcessor - For additional web related logging consider setting the 'logging.level.web' property to 'DEBUG'
INFO  org.springframework.data.repository.config.RepositoryConfigurationDelegate - Bootstrapping Spring Data JPA repositories in DEFAULT mode.
INFO  org.springframework.data.repository.config.RepositoryConfigurationDelegate - Finished Spring Data repository scanning in 64 ms. Found 4 JPA repository interfaces.
INFO  org.springframework.cloud.context.scope.GenericScope - BeanFactory id=9e52753f-6893-37de-a83f-58d7466554bf
INFO  com.techcode.studentmgmt.studentmgmtApplication - Starting studentmgmtApplication using Java 17.0.12 with PID 7544 (F:\Spring-Workspace\college-placements-portal\target\classes started by pavansiddabathula in F:\Spring-Workspace\college-placements-portal)
INFO  com.techcode.studentmgmt.studentmgmtApplication - The following 1 profile is active: "local"
INFO  org.springframework.boot.devtools.env.DevToolsPropertyDefaultsPostProcessor - Devtools property defaults active! Set 'spring.devtools.add-properties' to 'false' to disable
INFO  org.springframework.boot.devtools.env.DevToolsPropertyDefaultsPostProcessor - For additional web related logging consider setting the 'logging.level.web' property to 'DEBUG'
INFO  org.springframework.boot.web.embedded.tomcat.TomcatWebServer - Tomcat initialized with port 8080 (http)
INFO  org.apache.coyote.http11.Http11NioProtocol - Initializing ProtocolHandler ["http-nio-8080"]
INFO  org.apache.catalina.core.StandardService - Starting service [Tomcat]
INFO  org.apache.catalina.core.StandardEngine - Starting Servlet engine: [Apache Tomcat/10.1.40]
INFO  org.apache.catalina.core.ContainerBase.[Tomcat].[localhost].[/] - Initializing Spring embedded WebApplicationContext
INFO  org.springframework.boot.web.servlet.context.ServletWebServerApplicationContext - Root WebApplicationContext: initialization completed in 2758 ms
INFO  org.springframework.data.repository.config.RepositoryConfigurationDelegate - Bootstrapping Spring Data JPA repositories in DEFAULT mode.
INFO  org.springframework.data.repository.config.RepositoryConfigurationDelegate - Finished Spring Data repository scanning in 83 ms. Found 4 JPA repository interfaces.
INFO  com.zaxxer.hikari.HikariDataSource - TechCodeHikariPool - Starting...
INFO  com.zaxxer.hikari.pool.HikariPool - TechCodeHikariPool - Added connection com.mysql.cj.jdbc.ConnectionImpl@796bbf92
INFO  com.zaxxer.hikari.HikariDataSource - TechCodeHikariPool - Start completed.
INFO  org.springframework.cloud.context.scope.GenericScope - BeanFactory id=9e52753f-6893-37de-a83f-58d7466554bf
INFO  org.springframework.boot.web.embedded.tomcat.TomcatWebServer - Tomcat initialized with port 8080 (http)
INFO  org.apache.coyote.http11.Http11NioProtocol - Initializing ProtocolHandler ["http-nio-8080"]
INFO  org.apache.catalina.core.StandardService - Starting service [Tomcat]
INFO  org.apache.catalina.core.StandardEngine - Starting Servlet engine: [Apache Tomcat/10.1.40]
INFO  org.apache.catalina.core.ContainerBase.[Tomcat].[localhost].[/] - Initializing Spring embedded WebApplicationContext
INFO  org.springframework.boot.web.servlet.context.ServletWebServerApplicationContext - Root WebApplicationContext: initialization completed in 2633 ms
INFO  org.springframework.data.jpa.repository.query.QueryEnhancerFactory - Hibernate is in classpath; If applicable, HQL parser will be used.
INFO  com.zaxxer.hikari.HikariDataSource - TechCodeHikariPool - Starting...
INFO  com.zaxxer.hikari.pool.HikariPool - TechCodeHikariPool - Added connection com.mysql.cj.jdbc.ConnectionImpl@569134e8
INFO  com.zaxxer.hikari.HikariDataSource - TechCodeHikariPool - Start completed.
WARN  org.springframework.boot.autoconfigure.orm.jpa.JpaBaseConfiguration$JpaWebConfiguration - spring.jpa.open-in-view is enabled by default. Therefore, database queries may be performed during view rendering. Explicitly configure spring.jpa.open-in-view to disable this warning
INFO  org.springframework.security.config.annotation.authentication.configuration.InitializeUserDetailsBeanManagerConfigurer$InitializeUserDetailsManagerConfigurer - Global AuthenticationManager configured with UserDetailsService bean with name customUserDetailsService
INFO  org.springframework.data.jpa.repository.query.QueryEnhancerFactory - Hibernate is in classpath; If applicable, HQL parser will be used.
INFO  org.springframework.boot.actuate.endpoint.web.EndpointLinksResolver - Exposing 26 endpoints beneath base path '/actuator'
WARN  org.springframework.boot.autoconfigure.orm.jpa.JpaBaseConfiguration$JpaWebConfiguration - spring.jpa.open-in-view is enabled by default. Therefore, database queries may be performed during view rendering. Explicitly configure spring.jpa.open-in-view to disable this warning
INFO  org.springframework.security.config.annotation.authentication.configuration.InitializeUserDetailsBeanManagerConfigurer$InitializeUserDetailsManagerConfigurer - Global AuthenticationManager configured with UserDetailsService bean with name customUserDetailsService
INFO  org.springframework.boot.devtools.autoconfigure.OptionalLiveReloadServer - LiveReload server is running on port 35729
INFO  org.apache.coyote.http11.Http11NioProtocol - Starting ProtocolHandler ["http-nio-8080"]
INFO  org.springframework.boot.web.embedded.tomcat.TomcatWebServer - Tomcat started on port 8080 (http) with context path '/'
INFO  com.techcode.studentmgmt.studentmgmtApplication - Started studentmgmtApplication in 9.822 seconds (process running for 10.522)
INFO  org.springframework.boot.actuate.endpoint.web.EndpointLinksResolver - Exposing 26 endpoints beneath base path '/actuator'
WARN  org.springframework.boot.devtools.autoconfigure.OptionalLiveReloadServer - Unable to start LiveReload server
INFO  org.apache.coyote.http11.Http11NioProtocol - Starting ProtocolHandler ["http-nio-8080"]
WARN  org.springframework.boot.web.servlet.context.AnnotationConfigServletWebServerApplicationContext - Exception encountered during context initialization - cancelling refresh attempt: org.springframework.context.ApplicationContextException: Failed to start bean 'webServerStartStop'
INFO  com.zaxxer.hikari.HikariDataSource - TechCodeHikariPool - Shutdown initiated...
INFO  com.zaxxer.hikari.HikariDataSource - TechCodeHikariPool - Shutdown completed.
INFO  org.springframework.boot.autoconfigure.logging.ConditionEvaluationReportLogger - 

Error starting ApplicationContext. To display the condition evaluation report re-run your application with 'debug' enabled.
ERROR org.springframework.boot.diagnostics.LoggingFailureAnalysisReporter - 

***************************
APPLICATION FAILED TO START
***************************

Description:

Web server failed to start. Port 8080 was already in use.

Action:

Identify and stop the process that's listening on port 8080 or configure this application to listen on another port.

[INFO ] 2025-12-17 19:41:46.631 com.techcode.studentmgmt.studentmgmtApplicationTests - Starting studentmgmtApplicationTests using Java 17.0.12 with PID 4808 (started by pavansiddabathula in F:\Spring-Workspace\college-placements-portal)
[INFO ] 2025-12-17 19:41:46.632 com.techcode.studentmgmt.studentmgmtApplicationTests - The following 1 profile is active: "local"
[INFO ] 2025-12-17 19:41:48.263 org.springframework.data.repository.config.RepositoryConfigurationDelegate - Bootstrapping Spring Data JPA repositories in DEFAULT mode.
[INFO ] 2025-12-17 19:41:48.379 org.springframework.data.repository.config.RepositoryConfigurationDelegate - Finished Spring Data repository scanning in 101 ms. Found 4 JPA repository interfaces.
[INFO ] 2025-12-17 19:41:48.794 org.springframework.cloud.context.scope.GenericScope - BeanFactory id=830a963a-e567-302a-ae1a-ae6084db45e9
[INFO ] 2025-12-17 19:41:51.075 com.zaxxer.hikari.HikariDataSource - TechCodeHikariPool - Starting...
[INFO ] 2025-12-17 19:41:51.229 com.zaxxer.hikari.pool.HikariPool - TechCodeHikariPool - Added connection com.mysql.cj.jdbc.ConnectionImpl@29ae2517
[INFO ] 2025-12-17 19:41:51.231 com.zaxxer.hikari.HikariDataSource - TechCodeHikariPool - Start completed.
[INFO ] 2025-12-17 19:41:53.527 org.springframework.data.jpa.repository.query.QueryEnhancerFactory - Hibernate is in classpath; If applicable, HQL parser will be used.
[WARN ] 2025-12-17 19:41:56.439 org.springframework.boot.autoconfigure.orm.jpa.JpaBaseConfiguration$JpaWebConfiguration - spring.jpa.open-in-view is enabled by default. Therefore, database queries may be performed during view rendering. Explicitly configure spring.jpa.open-in-view to disable this warning
[INFO ] 2025-12-17 19:41:56.594 org.springframework.security.config.annotation.authentication.configuration.InitializeUserDetailsBeanManagerConfigurer$InitializeUserDetailsManagerConfigurer - Global AuthenticationManager configured with UserDetailsService bean with name customUserDetailsService
[INFO ] 2025-12-17 19:41:58.132 org.springframework.boot.actuate.endpoint.web.EndpointLinksResolver - Exposing 26 endpoints beneath base path '/actuator'
[INFO ] 2025-12-17 19:41:59.422 com.techcode.studentmgmt.studentmgmtApplicationTests - Started studentmgmtApplicationTests in 13.458 seconds (process running for 14.602)
[INFO ] 2025-12-17 19:41:59.978 com.zaxxer.hikari.HikariDataSource - TechCodeHikariPool - Shutdown initiated...
[INFO ] 2025-12-17 19:41:59.986 com.zaxxer.hikari.HikariDataSource - TechCodeHikariPool - Shutdown completed.
[INFO ] 2025-12-17 19:42:03.473 com.techcode.studentmgmt.studentmgmtApplication - Starting studentmgmtApplication using Java 17.0.12 with PID 7352 (F:\Spring-Workspace\college-placements-portal\target\classes started by pavansiddabathula in F:\Spring-Workspace\college-placements-portal)
[INFO ] 2025-12-17 19:42:03.475 com.techcode.studentmgmt.studentmgmtApplication - The following 1 profile is active: "local"
[INFO ] 2025-12-17 19:42:03.514 org.springframework.boot.devtools.env.DevToolsPropertyDefaultsPostProcessor - Devtools property defaults active! Set 'spring.devtools.add-properties' to 'false' to disable
[INFO ] 2025-12-17 19:42:03.514 org.springframework.boot.devtools.env.DevToolsPropertyDefaultsPostProcessor - For additional web related logging consider setting the 'logging.level.web' property to 'DEBUG'
[INFO ] 2025-12-17 19:42:04.504 org.springframework.data.repository.config.RepositoryConfigurationDelegate - Bootstrapping Spring Data JPA repositories in DEFAULT mode.
[INFO ] 2025-12-17 19:42:04.559 org.springframework.data.repository.config.RepositoryConfigurationDelegate - Finished Spring Data repository scanning in 48 ms. Found 4 JPA repository interfaces.
[INFO ] 2025-12-17 19:42:04.775 org.springframework.cloud.context.scope.GenericScope - BeanFactory id=9e52753f-6893-37de-a83f-58d7466554bf
[INFO ] 2025-12-17 19:42:05.506 org.springframework.boot.web.embedded.tomcat.TomcatWebServer - Tomcat initialized with port 8080 (http)
[INFO ] 2025-12-17 19:42:05.515 org.apache.coyote.http11.Http11NioProtocol - Initializing ProtocolHandler ["http-nio-8080"]
[INFO ] 2025-12-17 19:42:05.517 org.apache.catalina.core.StandardService - Starting service [Tomcat]
[INFO ] 2025-12-17 19:42:05.518 org.apache.catalina.core.StandardEngine - Starting Servlet engine: [Apache Tomcat/10.1.40]
[INFO ] 2025-12-17 19:42:05.562 org.apache.catalina.core.ContainerBase.[Tomcat].[localhost].[/] - Initializing Spring embedded WebApplicationContext
[INFO ] 2025-12-17 19:42:05.562 org.springframework.boot.web.servlet.context.ServletWebServerApplicationContext - Root WebApplicationContext: initialization completed in 2047 ms
[INFO ] 2025-12-17 19:42:06.148 com.zaxxer.hikari.HikariDataSource - TechCodeHikariPool - Starting...
[INFO ] 2025-12-17 19:42:06.263 com.zaxxer.hikari.pool.HikariPool - TechCodeHikariPool - Added connection com.mysql.cj.jdbc.ConnectionImpl@5957d43a
[INFO ] 2025-12-17 19:42:06.265 com.zaxxer.hikari.HikariDataSource - TechCodeHikariPool - Start completed.
[INFO ] 2025-12-17 19:42:07.390 org.springframework.data.jpa.repository.query.QueryEnhancerFactory - Hibernate is in classpath; If applicable, HQL parser will be used.
[WARN ] 2025-12-17 19:42:08.464 org.springframework.boot.autoconfigure.orm.jpa.JpaBaseConfiguration$JpaWebConfiguration - spring.jpa.open-in-view is enabled by default. Therefore, database queries may be performed during view rendering. Explicitly configure spring.jpa.open-in-view to disable this warning
[INFO ] 2025-12-17 19:42:08.543 org.springframework.security.config.annotation.authentication.configuration.InitializeUserDetailsBeanManagerConfigurer$InitializeUserDetailsManagerConfigurer - Global AuthenticationManager configured with UserDetailsService bean with name customUserDetailsService
[INFO ] 2025-12-17 19:42:09.266 org.springframework.boot.actuate.endpoint.web.EndpointLinksResolver - Exposing 26 endpoints beneath base path '/actuator'
[INFO ] 2025-12-17 19:42:10.145 org.springframework.boot.devtools.autoconfigure.OptionalLiveReloadServer - LiveReload server is running on port 35729
[INFO ] 2025-12-17 19:42:10.313 org.apache.coyote.http11.Http11NioProtocol - Starting ProtocolHandler ["http-nio-8080"]
[INFO ] 2025-12-17 19:42:10.327 org.springframework.boot.web.embedded.tomcat.TomcatWebServer - Tomcat started on port 8080 (http) with context path '/'
[INFO ] 2025-12-17 19:42:10.392 com.techcode.studentmgmt.studentmgmtApplication - Started studentmgmtApplication in 7.379 seconds (process running for 7.81)
[INFO ] 2025-12-17 19:42:15.753 org.apache.catalina.core.ContainerBase.[Tomcat].[localhost].[/] - Initializing Spring DispatcherServlet 'dispatcherServlet'
[INFO ] 2025-12-17 19:42:15.754 org.springframework.web.servlet.DispatcherServlet - Initializing Servlet 'dispatcherServlet'
[INFO ] 2025-12-17 19:42:15.758 org.springframework.web.servlet.DispatcherServlet - Completed initialization in 4 ms
[INFO ] 2025-12-17 19:42:15.951 com.techcode.studentmgmt.controller.AuthController - Admin login attempt: ADM001
[INFO ] 2025-12-17 19:42:15.952 com.techcode.studentmgmt.service.AuthServiceImpl - Admin login attempt for ID: ADM001
[ERROR] 2025-12-17 19:42:16.309 com.techcode.studentmgmt.service.AuthServiceImpl - Invalid password for admin ID: ADM001
[WARN ] 2025-12-17 19:42:16.316 com.techcode.studentmgmt.exceptions.GlobalExceptionHandler - Business exception caught: INVALID_ADMIN_PASSWORD
[WARN ] 2025-12-17 19:42:16.375 org.springframework.web.servlet.mvc.method.annotation.ExceptionHandlerExceptionResolver - Resolved [com.techcode.studentmgmt.exceptions.BusinessException: Invalid password for admin ID 'ADM001'.]
[INFO ] 2025-12-17 19:42:16.377 com.techcode.studentmgmt.config.ApiTimingFilter - API Time :: [POST /api/auth/admin/login] took 553 ms
[INFO ] 2025-12-17 19:44:06.856 com.techcode.studentmgmt.studentmgmtApplicationTests - Starting studentmgmtApplicationTests using Java 17.0.12 with PID 27792 (started by pavansiddabathula in F:\Spring-Workspace\college-placements-portal)
[INFO ] 2025-12-17 19:44:06.860 com.techcode.studentmgmt.studentmgmtApplicationTests - The following 1 profile is active: "local"
[INFO ] 2025-12-17 19:44:08.904 org.springframework.data.repository.config.RepositoryConfigurationDelegate - Bootstrapping Spring Data JPA repositories in DEFAULT mode.
[INFO ] 2025-12-17 19:44:09.045 org.springframework.data.repository.config.RepositoryConfigurationDelegate - Finished Spring Data repository scanning in 123 ms. Found 4 JPA repository interfaces.
[INFO ] 2025-12-17 19:44:09.615 org.springframework.cloud.context.scope.GenericScope - BeanFactory id=830a963a-e567-302a-ae1a-ae6084db45e9
[INFO ] 2025-12-17 19:44:12.699 com.zaxxer.hikari.HikariDataSource - TechCodeHikariPool - Starting...
[INFO ] 2025-12-17 19:44:12.946 com.zaxxer.hikari.pool.HikariPool - TechCodeHikariPool - Added connection com.mysql.cj.jdbc.ConnectionImpl@7fa8fff
[INFO ] 2025-12-17 19:44:12.949 com.zaxxer.hikari.HikariDataSource - TechCodeHikariPool - Start completed.
[INFO ] 2025-12-17 19:44:16.374 org.springframework.data.jpa.repository.query.QueryEnhancerFactory - Hibernate is in classpath; If applicable, HQL parser will be used.
[WARN ] 2025-12-17 19:44:20.468 org.springframework.boot.autoconfigure.orm.jpa.JpaBaseConfiguration$JpaWebConfiguration - spring.jpa.open-in-view is enabled by default. Therefore, database queries may be performed during view rendering. Explicitly configure spring.jpa.open-in-view to disable this warning
[INFO ] 2025-12-17 19:44:20.704 org.springframework.security.config.annotation.authentication.configuration.InitializeUserDetailsBeanManagerConfigurer$InitializeUserDetailsManagerConfigurer - Global AuthenticationManager configured with UserDetailsService bean with name customUserDetailsService
[INFO ] 2025-12-17 19:44:22.953 org.springframework.boot.actuate.endpoint.web.EndpointLinksResolver - Exposing 26 endpoints beneath base path '/actuator'
[INFO ] 2025-12-17 19:44:24.632 com.techcode.studentmgmt.studentmgmtApplicationTests - Started studentmgmtApplicationTests in 18.351 seconds (process running for 19.648)
[INFO ] 2025-12-17 19:44:25.437 com.zaxxer.hikari.HikariDataSource - TechCodeHikariPool - Shutdown initiated...
[INFO ] 2025-12-17 19:44:25.445 com.zaxxer.hikari.HikariDataSource - TechCodeHikariPool - Shutdown completed.
[INFO ] 2025-12-17 19:44:31.122 com.techcode.studentmgmt.studentmgmtApplication - Starting studentmgmtApplication using Java 17.0.12 with PID 29672 (F:\Spring-Workspace\college-placements-portal\target\classes started by pavansiddabathula in F:\Spring-Workspace\college-placements-portal)
[INFO ] 2025-12-17 19:44:31.124 com.techcode.studentmgmt.studentmgmtApplication - The following 1 profile is active: "local"
[INFO ] 2025-12-17 19:44:31.171 org.springframework.boot.devtools.env.DevToolsPropertyDefaultsPostProcessor - Devtools property defaults active! Set 'spring.devtools.add-properties' to 'false' to disable
[INFO ] 2025-12-17 19:44:31.171 org.springframework.boot.devtools.env.DevToolsPropertyDefaultsPostProcessor - For additional web related logging consider setting the 'logging.level.web' property to 'DEBUG'
[INFO ] 2025-12-17 19:44:32.413 org.springframework.data.repository.config.RepositoryConfigurationDelegate - Bootstrapping Spring Data JPA repositories in DEFAULT mode.
[INFO ] 2025-12-17 19:44:32.481 org.springframework.data.repository.config.RepositoryConfigurationDelegate - Finished Spring Data repository scanning in 58 ms. Found 4 JPA repository interfaces.
[INFO ] 2025-12-17 19:44:32.736 org.springframework.cloud.context.scope.GenericScope - BeanFactory id=9e52753f-6893-37de-a83f-58d7466554bf
[INFO ] 2025-12-17 19:44:33.605 org.springframework.boot.web.embedded.tomcat.TomcatWebServer - Tomcat initialized with port 8080 (http)
[INFO ] 2025-12-17 19:44:33.616 org.apache.coyote.http11.Http11NioProtocol - Initializing ProtocolHandler ["http-nio-8080"]
[INFO ] 2025-12-17 19:44:33.617 org.apache.catalina.core.StandardService - Starting service [Tomcat]
[INFO ] 2025-12-17 19:44:33.618 org.apache.catalina.core.StandardEngine - Starting Servlet engine: [Apache Tomcat/10.1.40]
[INFO ] 2025-12-17 19:44:33.667 org.apache.catalina.core.ContainerBase.[Tomcat].[localhost].[/] - Initializing Spring embedded WebApplicationContext
[INFO ] 2025-12-17 19:44:33.668 org.springframework.boot.web.servlet.context.ServletWebServerApplicationContext - Root WebApplicationContext: initialization completed in 2496 ms
[INFO ] 2025-12-17 19:44:34.364 com.zaxxer.hikari.HikariDataSource - TechCodeHikariPool - Starting...
[INFO ] 2025-12-17 19:44:34.493 com.zaxxer.hikari.pool.HikariPool - TechCodeHikariPool - Added connection com.mysql.cj.jdbc.ConnectionImpl@4a9a8f90
[INFO ] 2025-12-17 19:44:34.495 com.zaxxer.hikari.HikariDataSource - TechCodeHikariPool - Start completed.
[INFO ] 2025-12-17 19:44:35.789 org.springframework.data.jpa.repository.query.QueryEnhancerFactory - Hibernate is in classpath; If applicable, HQL parser will be used.
[WARN ] 2025-12-17 19:44:37.051 org.springframework.boot.autoconfigure.orm.jpa.JpaBaseConfiguration$JpaWebConfiguration - spring.jpa.open-in-view is enabled by default. Therefore, database queries may be performed during view rendering. Explicitly configure spring.jpa.open-in-view to disable this warning
[INFO ] 2025-12-17 19:44:37.146 org.springframework.security.config.annotation.authentication.configuration.InitializeUserDetailsBeanManagerConfigurer$InitializeUserDetailsManagerConfigurer - Global AuthenticationManager configured with UserDetailsService bean with name customUserDetailsService
[INFO ] 2025-12-17 19:44:37.983 org.springframework.boot.actuate.endpoint.web.EndpointLinksResolver - Exposing 26 endpoints beneath base path '/actuator'
[INFO ] 2025-12-17 19:44:39.395 org.springframework.boot.devtools.autoconfigure.OptionalLiveReloadServer - LiveReload server is running on port 35729
[INFO ] 2025-12-17 19:44:39.590 org.apache.coyote.http11.Http11NioProtocol - Starting ProtocolHandler ["http-nio-8080"]
[INFO ] 2025-12-17 19:44:39.607 org.springframework.boot.web.embedded.tomcat.TomcatWebServer - Tomcat started on port 8080 (http) with context path '/'
[INFO ] 2025-12-17 19:44:39.686 com.techcode.studentmgmt.studentmgmtApplication - Started studentmgmtApplication in 9.113 seconds (process running for 9.63)
[INFO ] 2025-12-17 19:44:47.373 org.apache.catalina.core.ContainerBase.[Tomcat].[localhost].[/] - Initializing Spring DispatcherServlet 'dispatcherServlet'
[INFO ] 2025-12-17 19:44:47.374 org.springframework.web.servlet.DispatcherServlet - Initializing Servlet 'dispatcherServlet'
[INFO ] 2025-12-17 19:44:47.377 org.springframework.web.servlet.DispatcherServlet - Completed initialization in 3 ms
[INFO ] 2025-12-17 19:44:47.590 com.techcode.studentmgmt.controller.AuthController - Admin login attempt: ADM001
[INFO ] 2025-12-17 19:44:47.591 com.techcode.studentmgmt.service.AuthServiceImpl - Admin login attempt for ID: ADM001
[ERROR] 2025-12-17 19:44:48.004 com.techcode.studentmgmt.service.AuthServiceImpl - Invalid password for admin ID: ADM001
[WARN ] 2025-12-17 19:44:48.010 com.techcode.studentmgmt.exceptions.GlobalExceptionHandler - Business exception caught: INVALID_ADMIN_PASSWORD
[WARN ] 2025-12-17 19:44:48.078 org.springframework.web.servlet.mvc.method.annotation.ExceptionHandlerExceptionResolver - Resolved [com.techcode.studentmgmt.exceptions.BusinessException: Invalid password for admin ID 'ADM001'.]
[INFO ] 2025-12-17 19:44:48.081 com.techcode.studentmgmt.config.ApiTimingFilter - API Time :: [POST /api/auth/admin/login] took 629 ms
[INFO ] 2025-12-17 20:07:05.269 org.springframework.boot.devtools.autoconfigure.LocalDevToolsAutoConfiguration$RestartingClassPathChangeChangedEventListener - Restarting due to 4 class path changes (4 additions, 0 deletions, 0 modifications)
[INFO ] 2025-12-17 20:07:05.272 org.springframework.boot.web.embedded.tomcat.GracefulShutdown - Commencing graceful shutdown. Waiting for active requests to complete
[INFO ] 2025-12-17 20:07:05.273 org.apache.coyote.http11.Http11NioProtocol - Pausing ProtocolHandler ["http-nio-8080"]
[INFO ] 2025-12-17 20:07:05.341 org.springframework.boot.web.embedded.tomcat.GracefulShutdown - Graceful shutdown complete
[INFO ] 2025-12-17 20:07:05.342 org.apache.coyote.http11.Http11NioProtocol - Stopping ProtocolHandler ["http-nio-8080"]
[INFO ] 2025-12-17 20:07:05.350 com.zaxxer.hikari.HikariDataSource - TechCodeHikariPool - Shutdown initiated...
[INFO ] 2025-12-17 20:07:05.355 com.zaxxer.hikari.HikariDataSource - TechCodeHikariPool - Shutdown completed.
[INFO ] 2025-12-17 20:07:05.461 com.techcode.studentmgmt.studentmgmtApplication - Starting studentmgmtApplication using Java 17.0.12 with PID 29672 (F:\Spring-Workspace\college-placements-portal\target\classes started by pavansiddabathula in F:\Spring-Workspace\college-placements-portal)
[INFO ] 2025-12-17 20:07:05.461 com.techcode.studentmgmt.studentmgmtApplication - The following 1 profile is active: "local"
[INFO ] 2025-12-17 20:07:05.691 org.springframework.data.repository.config.RepositoryConfigurationDelegate - Bootstrapping Spring Data JPA repositories in DEFAULT mode.
[INFO ] 2025-12-17 20:07:05.705 org.springframework.data.repository.config.RepositoryConfigurationDelegate - Finished Spring Data repository scanning in 12 ms. Found 4 JPA repository interfaces.
[INFO ] 2025-12-17 20:07:05.743 org.springframework.cloud.context.scope.GenericScope - BeanFactory id=9e52753f-6893-37de-a83f-58d7466554bf
[INFO ] 2025-12-17 20:07:05.893 org.springframework.boot.web.embedded.tomcat.TomcatWebServer - Tomcat initialized with port 8080 (http)
[INFO ] 2025-12-17 20:07:05.894 org.apache.coyote.http11.Http11NioProtocol - Initializing ProtocolHandler ["http-nio-8080"]
[INFO ] 2025-12-17 20:07:05.894 org.apache.catalina.core.StandardService - Starting service [Tomcat]
[INFO ] 2025-12-17 20:07:05.894 org.apache.catalina.core.StandardEngine - Starting Servlet engine: [Apache Tomcat/10.1.40]
[INFO ] 2025-12-17 20:07:05.912 org.apache.catalina.core.ContainerBase.[Tomcat].[localhost].[/] - Initializing Spring embedded WebApplicationContext
[INFO ] 2025-12-17 20:07:05.912 org.springframework.boot.web.servlet.context.ServletWebServerApplicationContext - Root WebApplicationContext: initialization completed in 450 ms
[INFO ] 2025-12-17 20:07:06.085 com.zaxxer.hikari.HikariDataSource - TechCodeHikariPool - Starting...
[INFO ] 2025-12-17 20:07:06.088 com.zaxxer.hikari.pool.HikariPool - TechCodeHikariPool - Added connection com.mysql.cj.jdbc.ConnectionImpl@7c31e245
[INFO ] 2025-12-17 20:07:06.088 com.zaxxer.hikari.HikariDataSource - TechCodeHikariPool - Start completed.
[WARN ] 2025-12-17 20:07:06.703 org.springframework.boot.autoconfigure.orm.jpa.JpaBaseConfiguration$JpaWebConfiguration - spring.jpa.open-in-view is enabled by default. Therefore, database queries may be performed during view rendering. Explicitly configure spring.jpa.open-in-view to disable this warning
[INFO ] 2025-12-17 20:07:06.753 org.springframework.security.config.annotation.authentication.configuration.InitializeUserDetailsBeanManagerConfigurer$InitializeUserDetailsManagerConfigurer - Global AuthenticationManager configured with UserDetailsService bean with name customUserDetailsService
[INFO ] 2025-12-17 20:07:07.152 org.springframework.boot.actuate.endpoint.web.EndpointLinksResolver - Exposing 26 endpoints beneath base path '/actuator'
[INFO ] 2025-12-17 20:07:07.707 org.springframework.boot.devtools.autoconfigure.OptionalLiveReloadServer - LiveReload server is running on port 35729
[INFO ] 2025-12-17 20:07:07.799 org.apache.coyote.http11.Http11NioProtocol - Starting ProtocolHandler ["http-nio-8080"]
[INFO ] 2025-12-17 20:07:07.801 org.springframework.boot.web.embedded.tomcat.TomcatWebServer - Tomcat started on port 8080 (http) with context path '/'
[INFO ] 2025-12-17 20:07:07.847 com.techcode.studentmgmt.studentmgmtApplication - Started studentmgmtApplication in 2.446 seconds (process running for 1357.792)
[INFO ] 2025-12-17 20:07:07.849 org.springframework.boot.devtools.autoconfigure.ConditionEvaluationDeltaLoggingListener - Condition evaluation unchanged
[INFO ] 2025-12-17 20:07:32.801 org.springframework.boot.devtools.autoconfigure.LocalDevToolsAutoConfiguration$RestartingClassPathChangeChangedEventListener - Restarting due to 1 class path change (0 additions, 0 deletions, 1 modification)
[INFO ] 2025-12-17 20:07:32.803 org.springframework.boot.web.embedded.tomcat.GracefulShutdown - Commencing graceful shutdown. Waiting for active requests to complete
[INFO ] 2025-12-17 20:07:32.803 org.apache.coyote.http11.Http11NioProtocol - Pausing ProtocolHandler ["http-nio-8080"]
[INFO ] 2025-12-17 20:07:32.869 org.springframework.boot.web.embedded.tomcat.GracefulShutdown - Graceful shutdown complete
[INFO ] 2025-12-17 20:07:32.869 org.apache.coyote.http11.Http11NioProtocol - Stopping ProtocolHandler ["http-nio-8080"]
[INFO ] 2025-12-17 20:07:32.872 com.zaxxer.hikari.HikariDataSource - TechCodeHikariPool - Shutdown initiated...
[INFO ] 2025-12-17 20:07:32.873 com.zaxxer.hikari.HikariDataSource - TechCodeHikariPool - Shutdown completed.
[INFO ] 2025-12-17 20:07:32.969 com.techcode.studentmgmt.studentmgmtApplication - Starting studentmgmtApplication using Java 17.0.12 with PID 29672 (F:\Spring-Workspace\college-placements-portal\target\classes started by pavansiddabathula in F:\Spring-Workspace\college-placements-portal)
[INFO ] 2025-12-17 20:07:32.969 com.techcode.studentmgmt.studentmgmtApplication - The following 1 profile is active: "local"
[INFO ] 2025-12-17 20:07:33.187 org.springframework.data.repository.config.RepositoryConfigurationDelegate - Bootstrapping Spring Data JPA repositories in DEFAULT mode.
[INFO ] 2025-12-17 20:07:33.203 org.springframework.data.repository.config.RepositoryConfigurationDelegate - Finished Spring Data repository scanning in 13 ms. Found 4 JPA repository interfaces.
[INFO ] 2025-12-17 20:07:33.241 org.springframework.cloud.context.scope.GenericScope - BeanFactory id=9e52753f-6893-37de-a83f-58d7466554bf
[INFO ] 2025-12-17 20:07:33.396 org.springframework.boot.web.embedded.tomcat.TomcatWebServer - Tomcat initialized with port 8080 (http)
[INFO ] 2025-12-17 20:07:33.396 org.apache.coyote.http11.Http11NioProtocol - Initializing ProtocolHandler ["http-nio-8080"]
[INFO ] 2025-12-17 20:07:33.397 org.apache.catalina.core.StandardService - Starting service [Tomcat]
[INFO ] 2025-12-17 20:07:33.397 org.apache.catalina.core.StandardEngine - Starting Servlet engine: [Apache Tomcat/10.1.40]
[INFO ] 2025-12-17 20:07:33.414 org.apache.catalina.core.ContainerBase.[Tomcat].[localhost].[/] - Initializing Spring embedded WebApplicationContext
[INFO ] 2025-12-17 20:07:33.414 org.springframework.boot.web.servlet.context.ServletWebServerApplicationContext - Root WebApplicationContext: initialization completed in 444 ms
[INFO ] 2025-12-17 20:07:33.588 com.zaxxer.hikari.HikariDataSource - TechCodeHikariPool - Starting...
[INFO ] 2025-12-17 20:07:33.592 com.zaxxer.hikari.pool.HikariPool - TechCodeHikariPool - Added connection com.mysql.cj.jdbc.ConnectionImpl@114185f5
[INFO ] 2025-12-17 20:07:33.592 com.zaxxer.hikari.HikariDataSource - TechCodeHikariPool - Start completed.
[WARN ] 2025-12-17 20:07:34.147 org.springframework.boot.autoconfigure.orm.jpa.JpaBaseConfiguration$JpaWebConfiguration - spring.jpa.open-in-view is enabled by default. Therefore, database queries may be performed during view rendering. Explicitly configure spring.jpa.open-in-view to disable this warning
[INFO ] 2025-12-17 20:07:34.193 org.springframework.security.config.annotation.authentication.configuration.InitializeUserDetailsBeanManagerConfigurer$InitializeUserDetailsManagerConfigurer - Global AuthenticationManager configured with UserDetailsService bean with name customUserDetailsService
[INFO ] 2025-12-17 20:07:34.582 org.springframework.boot.actuate.endpoint.web.EndpointLinksResolver - Exposing 26 endpoints beneath base path '/actuator'
[INFO ] 2025-12-17 20:07:35.096 org.springframework.boot.devtools.autoconfigure.OptionalLiveReloadServer - LiveReload server is running on port 35729
[INFO ] 2025-12-17 20:07:35.181 org.apache.coyote.http11.Http11NioProtocol - Starting ProtocolHandler ["http-nio-8080"]
[INFO ] 2025-12-17 20:07:35.184 org.springframework.boot.web.embedded.tomcat.TomcatWebServer - Tomcat started on port 8080 (http) with context path '/'
[INFO ] 2025-12-17 20:07:35.227 com.techcode.studentmgmt.studentmgmtApplication - Started studentmgmtApplication in 2.312 seconds (process running for 1385.172)
[INFO ] 2025-12-17 20:07:35.229 org.springframework.boot.devtools.autoconfigure.ConditionEvaluationDeltaLoggingListener - Condition evaluation unchanged
[INFO ] 2025-12-17 20:07:47.718 org.springframework.boot.devtools.autoconfigure.LocalDevToolsAutoConfiguration$RestartingClassPathChangeChangedEventListener - Restarting due to 1 class path change (0 additions, 0 deletions, 1 modification)
[INFO ] 2025-12-17 20:07:47.719 org.springframework.boot.web.embedded.tomcat.GracefulShutdown - Commencing graceful shutdown. Waiting for active requests to complete
[INFO ] 2025-12-17 20:07:47.720 org.apache.coyote.http11.Http11NioProtocol - Pausing ProtocolHandler ["http-nio-8080"]
[INFO ] 2025-12-17 20:07:47.788 org.springframework.boot.web.embedded.tomcat.GracefulShutdown - Graceful shutdown complete
[INFO ] 2025-12-17 20:07:47.788 org.apache.coyote.http11.Http11NioProtocol - Stopping ProtocolHandler ["http-nio-8080"]
[INFO ] 2025-12-17 20:07:47.791 com.zaxxer.hikari.HikariDataSource - TechCodeHikariPool - Shutdown initiated...
[INFO ] 2025-12-17 20:07:47.792 com.zaxxer.hikari.HikariDataSource - TechCodeHikariPool - Shutdown completed.
[INFO ] 2025-12-17 20:07:47.892 com.techcode.studentmgmt.studentmgmtApplication - Starting studentmgmtApplication using Java 17.0.12 with PID 29672 (F:\Spring-Workspace\college-placements-portal\target\classes started by pavansiddabathula in F:\Spring-Workspace\college-placements-portal)
[INFO ] 2025-12-17 20:07:47.892 com.techcode.studentmgmt.studentmgmtApplication - The following 1 profile is active: "local"
[INFO ] 2025-12-17 20:07:48.108 org.springframework.data.repository.config.RepositoryConfigurationDelegate - Bootstrapping Spring Data JPA repositories in DEFAULT mode.
[INFO ] 2025-12-17 20:07:48.126 org.springframework.data.repository.config.RepositoryConfigurationDelegate - Finished Spring Data repository scanning in 16 ms. Found 4 JPA repository interfaces.
[INFO ] 2025-12-17 20:07:48.161 org.springframework.cloud.context.scope.GenericScope - BeanFactory id=9e52753f-6893-37de-a83f-58d7466554bf
[INFO ] 2025-12-17 20:07:48.309 org.springframework.boot.web.embedded.tomcat.TomcatWebServer - Tomcat initialized with port 8080 (http)
[INFO ] 2025-12-17 20:07:48.309 org.apache.coyote.http11.Http11NioProtocol - Initializing ProtocolHandler ["http-nio-8080"]
[INFO ] 2025-12-17 20:07:48.309 org.apache.catalina.core.StandardService - Starting service [Tomcat]
[INFO ] 2025-12-17 20:07:48.309 org.apache.catalina.core.StandardEngine - Starting Servlet engine: [Apache Tomcat/10.1.40]
[INFO ] 2025-12-17 20:07:48.324 org.apache.catalina.core.ContainerBase.[Tomcat].[localhost].[/] - Initializing Spring embedded WebApplicationContext
[INFO ] 2025-12-17 20:07:48.324 org.springframework.boot.web.servlet.context.ServletWebServerApplicationContext - Root WebApplicationContext: initialization completed in 431 ms
[INFO ] 2025-12-17 20:07:48.488 com.zaxxer.hikari.HikariDataSource - TechCodeHikariPool - Starting...
[INFO ] 2025-12-17 20:07:48.491 com.zaxxer.hikari.pool.HikariPool - TechCodeHikariPool - Added connection com.mysql.cj.jdbc.ConnectionImpl@59f84dec
[INFO ] 2025-12-17 20:07:48.491 com.zaxxer.hikari.HikariDataSource - TechCodeHikariPool - Start completed.
[WARN ] 2025-12-17 20:07:49.040 org.springframework.boot.autoconfigure.orm.jpa.JpaBaseConfiguration$JpaWebConfiguration - spring.jpa.open-in-view is enabled by default. Therefore, database queries may be performed during view rendering. Explicitly configure spring.jpa.open-in-view to disable this warning
[INFO ] 2025-12-17 20:07:49.092 org.springframework.security.config.annotation.authentication.configuration.InitializeUserDetailsBeanManagerConfigurer$InitializeUserDetailsManagerConfigurer - Global AuthenticationManager configured with UserDetailsService bean with name customUserDetailsService
[INFO ] 2025-12-17 20:07:49.488 org.springframework.boot.actuate.endpoint.web.EndpointLinksResolver - Exposing 26 endpoints beneath base path '/actuator'
[INFO ] 2025-12-17 20:07:50.014 org.springframework.boot.devtools.autoconfigure.OptionalLiveReloadServer - LiveReload server is running on port 35729
[INFO ] 2025-12-17 20:07:50.105 org.apache.coyote.http11.Http11NioProtocol - Starting ProtocolHandler ["http-nio-8080"]
[INFO ] 2025-12-17 20:07:50.108 org.springframework.boot.web.embedded.tomcat.TomcatWebServer - Tomcat started on port 8080 (http) with context path '/'
[INFO ] 2025-12-17 20:07:50.153 com.techcode.studentmgmt.studentmgmtApplication - Started studentmgmtApplication in 2.319 seconds (process running for 1400.097)
[INFO ] 2025-12-17 20:07:50.155 org.springframework.boot.devtools.autoconfigure.ConditionEvaluationDeltaLoggingListener - Condition evaluation unchanged
[INFO ] 2025-12-17 20:08:26.144 com.techcode.studentmgmt.studentmgmtApplicationTests - Starting studentmgmtApplicationTests using Java 17.0.12 with PID 29484 (started by pavansiddabathula in F:\Spring-Workspace\college-placements-portal)
[INFO ] 2025-12-17 20:08:26.146 com.techcode.studentmgmt.studentmgmtApplicationTests - The following 1 profile is active: "local"
[INFO ] 2025-12-17 20:08:28.753 org.springframework.data.repository.config.RepositoryConfigurationDelegate - Bootstrapping Spring Data JPA repositories in DEFAULT mode.
[INFO ] 2025-12-17 20:08:28.985 org.springframework.data.repository.config.RepositoryConfigurationDelegate - Finished Spring Data repository scanning in 197 ms. Found 4 JPA repository interfaces.
[INFO ] 2025-12-17 20:08:29.824 org.springframework.cloud.context.scope.GenericScope - BeanFactory id=830a963a-e567-302a-ae1a-ae6084db45e9
[INFO ] 2025-12-17 20:08:33.595 com.zaxxer.hikari.HikariDataSource - TechCodeHikariPool - Starting...
[INFO ] 2025-12-17 20:08:33.846 com.zaxxer.hikari.pool.HikariPool - TechCodeHikariPool - Added connection com.mysql.cj.jdbc.ConnectionImpl@7fa8fff
[INFO ] 2025-12-17 20:08:33.848 com.zaxxer.hikari.HikariDataSource - TechCodeHikariPool - Start completed.
[INFO ] 2025-12-17 20:08:37.937 org.springframework.data.jpa.repository.query.QueryEnhancerFactory - Hibernate is in classpath; If applicable, HQL parser will be used.
[WARN ] 2025-12-17 20:08:43.688 org.springframework.boot.autoconfigure.orm.jpa.JpaBaseConfiguration$JpaWebConfiguration - spring.jpa.open-in-view is enabled by default. Therefore, database queries may be performed during view rendering. Explicitly configure spring.jpa.open-in-view to disable this warning
[INFO ] 2025-12-17 20:08:43.839 org.springframework.security.config.annotation.authentication.configuration.InitializeUserDetailsBeanManagerConfigurer$InitializeUserDetailsManagerConfigurer - Global AuthenticationManager configured with UserDetailsService bean with name customUserDetailsService
[INFO ] 2025-12-17 20:08:46.284 org.springframework.boot.actuate.endpoint.web.EndpointLinksResolver - Exposing 26 endpoints beneath base path '/actuator'
[INFO ] 2025-12-17 20:08:48.474 com.techcode.studentmgmt.studentmgmtApplicationTests - Started studentmgmtApplicationTests in 22.8 seconds (process running for 24.001)
[INFO ] 2025-12-17 20:08:49.284 com.zaxxer.hikari.HikariDataSource - TechCodeHikariPool - Shutdown initiated...
[INFO ] 2025-12-17 20:08:49.295 com.zaxxer.hikari.HikariDataSource - TechCodeHikariPool - Shutdown completed.
[INFO ] 2025-12-17 20:08:56.294 com.techcode.studentmgmt.studentmgmtApplication - Starting studentmgmtApplication using Java 17.0.12 with PID 23508 (F:\Spring-Workspace\college-placements-portal\target\classes started by pavansiddabathula in F:\Spring-Workspace\college-placements-portal)
[INFO ] 2025-12-17 20:08:56.295 com.techcode.studentmgmt.studentmgmtApplication - The following 1 profile is active: "local"
[INFO ] 2025-12-17 20:08:56.349 org.springframework.boot.devtools.env.DevToolsPropertyDefaultsPostProcessor - Devtools property defaults active! Set 'spring.devtools.add-properties' to 'false' to disable
[INFO ] 2025-12-17 20:08:56.349 org.springframework.boot.devtools.env.DevToolsPropertyDefaultsPostProcessor - For additional web related logging consider setting the 'logging.level.web' property to 'DEBUG'
[INFO ] 2025-12-17 20:08:57.736 org.springframework.data.repository.config.RepositoryConfigurationDelegate - Bootstrapping Spring Data JPA repositories in DEFAULT mode.
[INFO ] 2025-12-17 20:08:57.814 org.springframework.data.repository.config.RepositoryConfigurationDelegate - Finished Spring Data repository scanning in 68 ms. Found 4 JPA repository interfaces.
[INFO ] 2025-12-17 20:08:58.140 org.springframework.cloud.context.scope.GenericScope - BeanFactory id=9e52753f-6893-37de-a83f-58d7466554bf
[INFO ] 2025-12-17 20:08:59.680 org.springframework.boot.web.embedded.tomcat.TomcatWebServer - Tomcat initialized with port 8080 (http)
[INFO ] 2025-12-17 20:08:59.693 org.apache.coyote.http11.Http11NioProtocol - Initializing ProtocolHandler ["http-nio-8080"]
[INFO ] 2025-12-17 20:08:59.697 org.apache.catalina.core.StandardService - Starting service [Tomcat]
[INFO ] 2025-12-17 20:08:59.697 org.apache.catalina.core.StandardEngine - Starting Servlet engine: [Apache Tomcat/10.1.40]
[INFO ] 2025-12-17 20:08:59.797 org.apache.catalina.core.ContainerBase.[Tomcat].[localhost].[/] - Initializing Spring embedded WebApplicationContext
[INFO ] 2025-12-17 20:08:59.799 org.springframework.boot.web.servlet.context.ServletWebServerApplicationContext - Root WebApplicationContext: initialization completed in 3447 ms
[INFO ] 2025-12-17 20:09:01.285 com.zaxxer.hikari.HikariDataSource - TechCodeHikariPool - Starting...
[INFO ] 2025-12-17 20:09:01.501 com.zaxxer.hikari.pool.HikariPool - TechCodeHikariPool - Added connection com.mysql.cj.jdbc.ConnectionImpl@5957d43a
[INFO ] 2025-12-17 20:09:01.504 com.zaxxer.hikari.HikariDataSource - TechCodeHikariPool - Start completed.
[INFO ] 2025-12-17 20:09:04.088 org.springframework.data.jpa.repository.query.QueryEnhancerFactory - Hibernate is in classpath; If applicable, HQL parser will be used.
[WARN ] 2025-12-17 20:09:06.953 org.springframework.boot.autoconfigure.orm.jpa.JpaBaseConfiguration$JpaWebConfiguration - spring.jpa.open-in-view is enabled by default. Therefore, database queries may be performed during view rendering. Explicitly configure spring.jpa.open-in-view to disable this warning
[INFO ] 2025-12-17 20:09:07.160 org.springframework.security.config.annotation.authentication.configuration.InitializeUserDetailsBeanManagerConfigurer$InitializeUserDetailsManagerConfigurer - Global AuthenticationManager configured with UserDetailsService bean with name customUserDetailsService
[INFO ] 2025-12-17 20:09:08.780 org.springframework.boot.actuate.endpoint.web.EndpointLinksResolver - Exposing 26 endpoints beneath base path '/actuator'
[INFO ] 2025-12-17 20:09:10.776 org.springframework.boot.devtools.autoconfigure.OptionalLiveReloadServer - LiveReload server is running on port 35729
[INFO ] 2025-12-17 20:09:11.157 org.apache.coyote.http11.Http11NioProtocol - Starting ProtocolHandler ["http-nio-8080"]
[INFO ] 2025-12-17 20:09:11.195 org.springframework.boot.web.embedded.tomcat.TomcatWebServer - Tomcat started on port 8080 (http) with context path '/'
[INFO ] 2025-12-17 20:09:11.354 com.techcode.studentmgmt.studentmgmtApplication - Started studentmgmtApplication in 15.686 seconds (process running for 16.254)
[INFO ] 2025-12-17 20:09:43.977 org.springframework.boot.devtools.autoconfigure.LocalDevToolsAutoConfiguration$RestartingClassPathChangeChangedEventListener - Restarting due to 1 class path change (0 additions, 0 deletions, 1 modification)
[INFO ] 2025-12-17 20:09:43.984 org.springframework.boot.web.embedded.tomcat.GracefulShutdown - Commencing graceful shutdown. Waiting for active requests to complete
[INFO ] 2025-12-17 20:09:43.985 org.apache.coyote.http11.Http11NioProtocol - Pausing ProtocolHandler ["http-nio-8080"]
[INFO ] 2025-12-17 20:09:44.061 org.springframework.boot.web.embedded.tomcat.GracefulShutdown - Graceful shutdown complete
[INFO ] 2025-12-17 20:09:44.061 org.apache.coyote.http11.Http11NioProtocol - Stopping ProtocolHandler ["http-nio-8080"]
[INFO ] 2025-12-17 20:09:44.069 com.zaxxer.hikari.HikariDataSource - TechCodeHikariPool - Shutdown initiated...
[INFO ] 2025-12-17 20:09:44.074 com.zaxxer.hikari.HikariDataSource - TechCodeHikariPool - Shutdown completed.
