[] [INFO ] 2025-12-17 20:13:07.318
                [restartedMain] [studmgmt] com.techcode.studentmgmt.studentmgmtApplication - Starting studentmgmtApplication using Java 17.0.12 with PID 12528 (F:\Spring-Workspace\college-placements-portal\target\classes started by pavansiddabathula in F:\Spring-Workspace\college-placements-portal)
[] [INFO ] 2025-12-17 20:13:07.325
                [restartedMain] [studmgmt] com.techcode.studentmgmt.studentmgmtApplication - The following 1 profile is active: "local"
[] [INFO ] 2025-12-17 20:13:07.615
                [restartedMain] [studmgmt] org.springframework.data.repository.config.RepositoryConfigurationDelegate - Bootstrapping Spring Data JPA repositories in DEFAULT mode.
[] [INFO ] 2025-12-17 20:13:07.637
                [restartedMain] [studmgmt] org.springframework.data.repository.config.RepositoryConfigurationDelegate - Finished Spring Data repository scanning in 18 ms. Found 4 JPA repository interfaces.
[] [INFO ] 2025-12-17 20:13:07.682
                [restartedMain] [studmgmt] org.springframework.cloud.context.scope.GenericScope - BeanFactory id=9e52753f-6893-37de-a83f-58d7466554bf
[] [INFO ] 2025-12-17 20:13:07.883
                [restartedMain] [studmgmt] org.springframework.boot.web.embedded.tomcat.TomcatWebServer - Tomcat initialized with port 8080 (http)
[] [INFO ] 2025-12-17 20:13:07.883
                [restartedMain] [studmgmt] org.apache.coyote.http11.Http11NioProtocol - Initializing ProtocolHandler ["http-nio-8080"]
[] [INFO ] 2025-12-17 20:13:07.883
                [restartedMain] [studmgmt] org.apache.catalina.core.StandardService - Starting service [Tomcat]
[] [INFO ] 2025-12-17 20:13:07.883
                [restartedMain] [studmgmt] org.apache.catalina.core.StandardEngine - Starting Servlet engine: [Apache Tomcat/10.1.40]
[] [INFO ] 2025-12-17 20:13:07.901
                [restartedMain] [studmgmt] org.apache.catalina.core.ContainerBase.[Tomcat].[localhost].[/] - Initializing Spring embedded WebApplicationContext
[] [INFO ] 2025-12-17 20:13:07.901
                [restartedMain] [studmgmt] org.springframework.boot.web.servlet.context.ServletWebServerApplicationContext - Root WebApplicationContext: initialization completed in 574 ms
[] [INFO ] 2025-12-17 20:13:08.123
                [restartedMain] [studmgmt] com.zaxxer.hikari.HikariDataSource - TechCodeHikariPool - Starting...
[] [INFO ] 2025-12-17 20:13:08.127
                [restartedMain] [studmgmt] com.zaxxer.hikari.pool.HikariPool - TechCodeHikariPool - Added connection com.mysql.cj.jdbc.ConnectionImpl@5cafbe1f
[] [INFO ] 2025-12-17 20:13:08.127
                [restartedMain] [studmgmt] com.zaxxer.hikari.HikariDataSource - TechCodeHikariPool - Start completed.
[] [WARN ] 2025-12-17 20:13:08.825
                [restartedMain] [studmgmt] org.springframework.boot.autoconfigure.orm.jpa.JpaBaseConfiguration$JpaWebConfiguration - spring.jpa.open-in-view is enabled by default. Therefore, database queries may be performed during view rendering. Explicitly configure spring.jpa.open-in-view to disable this warning
[] [INFO ] 2025-12-17 20:13:08.889
                [restartedMain] [studmgmt] org.springframework.security.config.annotation.authentication.configuration.InitializeUserDetailsBeanManagerConfigurer$InitializeUserDetailsManagerConfigurer - Global AuthenticationManager configured with UserDetailsService bean with name customUserDetailsService
[] [INFO ] 2025-12-17 20:13:09.385
                [restartedMain] [studmgmt] org.springframework.boot.actuate.endpoint.web.EndpointLinksResolver - Exposing 26 endpoints beneath base path '/actuator'
[] [INFO ] 2025-12-17 20:13:10.012
                [restartedMain] [studmgmt] org.springframework.boot.devtools.autoconfigure.OptionalLiveReloadServer - LiveReload server is running on port 35729
[] [INFO ] 2025-12-17 20:13:10.108
                [restartedMain] [studmgmt] org.apache.coyote.http11.Http11NioProtocol - Starting ProtocolHandler ["http-nio-8080"]
[] [INFO ] 2025-12-17 20:13:10.111
                [restartedMain] [studmgmt] org.springframework.boot.web.embedded.tomcat.TomcatWebServer - Tomcat started on port 8080 (http) with context path '/'
[] [INFO ] 2025-12-17 20:13:10.161
                [restartedMain] [studmgmt] com.techcode.studentmgmt.studentmgmtApplication - Started studentmgmtApplication in 2.915 seconds (process running for 165.599)
[] [INFO ] 2025-12-17 20:13:10.164
                [restartedMain] [studmgmt] org.springframework.boot.devtools.autoconfigure.ConditionEvaluationDeltaLoggingListener - Condition evaluation unchanged
[] [INFO ] 2025-12-17 20:13:37.463
                [http-nio-8080-exec-4] [studmgmt] org.apache.catalina.core.ContainerBase.[Tomcat].[localhost].[/] - Initializing Spring DispatcherServlet 'dispatcherServlet'
[] [INFO ] 2025-12-17 20:13:37.463
                [http-nio-8080-exec-4] [studmgmt] org.springframework.web.servlet.DispatcherServlet - Initializing Servlet 'dispatcherServlet'
[] [INFO ] 2025-12-17 20:13:37.464
                [http-nio-8080-exec-4] [studmgmt] org.springframework.web.servlet.DispatcherServlet - Completed initialization in 1 ms
[2d2f8c6b-7d01-4ec7-b406-24c71d37ad20] [INFO ] 2025-12-17 20:13:37.470
                [http-nio-8080-exec-4] [studmgmt] com.techcode.studentmgmt.controller.AuthController - Admin login attempt: ADM001
[2d2f8c6b-7d01-4ec7-b406-24c71d37ad20] [INFO ] 2025-12-17 20:13:37.470
                [http-nio-8080-exec-4] [studmgmt] com.techcode.studentmgmt.service.AuthServiceImpl - Admin login attempt for ID: ADM001
[2d2f8c6b-7d01-4ec7-b406-24c71d37ad20] [ERROR] 2025-12-17 20:13:37.632
                [http-nio-8080-exec-4] [studmgmt] com.techcode.studentmgmt.service.AuthServiceImpl - Invalid password for admin ID: ADM001
[2d2f8c6b-7d01-4ec7-b406-24c71d37ad20] [WARN ] 2025-12-17 20:13:37.636
                [http-nio-8080-exec-4] [studmgmt] com.techcode.studentmgmt.exceptions.GlobalExceptionHandler - Business exception caught: INVALID_ADMIN_PASSWORD
[2d2f8c6b-7d01-4ec7-b406-24c71d37ad20] [WARN ] 2025-12-17 20:13:37.664
                [http-nio-8080-exec-4] [studmgmt] org.springframework.web.servlet.mvc.method.annotation.ExceptionHandlerExceptionResolver - Resolved [com.techcode.studentmgmt.exceptions.BusinessException: Invalid password for admin ID 'ADM001'.]
[] [INFO ] 2025-12-17 20:13:37.665
                [http-nio-8080-exec-4] [studmgmt] com.techcode.studentmgmt.config.ApiTimingFilter - API Time :: [POST /api/auth/admin/login] took 199 ms
[] [INFO ] 2025-12-17 20:15:50.534
                [File Watcher] [studmgmt] org.springframework.boot.devtools.autoconfigure.LocalDevToolsAutoConfiguration$RestartingClassPathChangeChangedEventListener - Restarting due to 1 class path change (0 additions, 0 deletions, 1 modification)
[] [INFO ] 2025-12-17 20:15:50.537
                [Thread-15] [studmgmt] org.springframework.boot.web.embedded.tomcat.GracefulShutdown - Commencing graceful shutdown. Waiting for active requests to complete
[] [INFO ] 2025-12-17 20:15:50.538
                [tomcat-shutdown] [studmgmt] org.apache.coyote.http11.Http11NioProtocol - Pausing ProtocolHandler ["http-nio-8080"]
[] [INFO ] 2025-12-17 20:15:50.616
                [tomcat-shutdown] [studmgmt] org.springframework.boot.web.embedded.tomcat.GracefulShutdown - Graceful shutdown complete
[] [INFO ] 2025-12-17 20:15:50.616
                [Thread-15] [studmgmt] org.apache.coyote.http11.Http11NioProtocol - Stopping ProtocolHandler ["http-nio-8080"]
[] [INFO ] 2025-12-17 20:15:50.619
                [Thread-15] [studmgmt] com.zaxxer.hikari.HikariDataSource - TechCodeHikariPool - Shutdown initiated...
[] [INFO ] 2025-12-17 20:15:50.621
                [Thread-15] [studmgmt] com.zaxxer.hikari.HikariDataSource - TechCodeHikariPool - Shutdown completed.
[] [INFO ] 2025-12-17 20:15:50.754
                [restartedMain] [studmgmt] com.techcode.studentmgmt.studentmgmtApplication - Starting studentmgmtApplication using Java 17.0.12 with PID 12528 (F:\Spring-Workspace\college-placements-portal\target\classes started by pavansiddabathula in F:\Spring-Workspace\college-placements-portal)
[] [INFO ] 2025-12-17 20:15:50.755
                [restartedMain] [studmgmt] com.techcode.studentmgmt.studentmgmtApplication - The following 1 profile is active: "local"
[] [INFO ] 2025-12-17 20:15:51.006
                [restartedMain] [studmgmt] org.springframework.data.repository.config.RepositoryConfigurationDelegate - Bootstrapping Spring Data JPA repositories in DEFAULT mode.
[] [INFO ] 2025-12-17 20:15:51.022
                [restartedMain] [studmgmt] org.springframework.data.repository.config.RepositoryConfigurationDelegate - Finished Spring Data repository scanning in 15 ms. Found 4 JPA repository interfaces.
[] [INFO ] 2025-12-17 20:15:51.066
                [restartedMain] [studmgmt] org.springframework.cloud.context.scope.GenericScope - BeanFactory id=9e52753f-6893-37de-a83f-58d7466554bf
[] [INFO ] 2025-12-17 20:15:51.254
                [restartedMain] [studmgmt] org.springframework.boot.web.embedded.tomcat.TomcatWebServer - Tomcat initialized with port 8080 (http)
[] [INFO ] 2025-12-17 20:15:51.254
                [restartedMain] [studmgmt] org.apache.coyote.http11.Http11NioProtocol - Initializing ProtocolHandler ["http-nio-8080"]
[] [INFO ] 2025-12-17 20:15:51.255
                [restartedMain] [studmgmt] org.apache.catalina.core.StandardService - Starting service [Tomcat]
[] [INFO ] 2025-12-17 20:15:51.255
                [restartedMain] [studmgmt] org.apache.catalina.core.StandardEngine - Starting Servlet engine: [Apache Tomcat/10.1.40]
[] [INFO ] 2025-12-17 20:15:51.274
                [restartedMain] [studmgmt] org.apache.catalina.core.ContainerBase.[Tomcat].[localhost].[/] - Initializing Spring embedded WebApplicationContext
[] [INFO ] 2025-12-17 20:15:51.274
                [restartedMain] [studmgmt] org.springframework.boot.web.servlet.context.ServletWebServerApplicationContext - Root WebApplicationContext: initialization completed in 518 ms
[] [INFO ] 2025-12-17 20:15:51.471
                [restartedMain] [studmgmt] com.zaxxer.hikari.HikariDataSource - TechCodeHikariPool - Starting...
[] [INFO ] 2025-12-17 20:15:51.476
                [restartedMain] [studmgmt] com.zaxxer.hikari.pool.HikariPool - TechCodeHikariPool - Added connection com.mysql.cj.jdbc.ConnectionImpl@577567a9
[] [INFO ] 2025-12-17 20:15:51.476
                [restartedMain] [studmgmt] com.zaxxer.hikari.HikariDataSource - TechCodeHikariPool - Start completed.
[] [WARN ] 2025-12-17 20:15:52.160
                [restartedMain] [studmgmt] org.springframework.boot.autoconfigure.orm.jpa.JpaBaseConfiguration$JpaWebConfiguration - spring.jpa.open-in-view is enabled by default. Therefore, database queries may be performed during view rendering. Explicitly configure spring.jpa.open-in-view to disable this warning
[] [INFO ] 2025-12-17 20:15:52.224
                [restartedMain] [studmgmt] org.springframework.security.config.annotation.authentication.configuration.InitializeUserDetailsBeanManagerConfigurer$InitializeUserDetailsManagerConfigurer - Global AuthenticationManager configured with UserDetailsService bean with name customUserDetailsService
[] [INFO ] 2025-12-17 20:15:52.707
                [restartedMain] [studmgmt] org.springframework.boot.actuate.endpoint.web.EndpointLinksResolver - Exposing 26 endpoints beneath base path '/actuator'
[] [INFO ] 2025-12-17 20:15:53.364
                [restartedMain] [studmgmt] org.springframework.boot.devtools.autoconfigure.OptionalLiveReloadServer - LiveReload server is running on port 35729
[] [INFO ] 2025-12-17 20:15:53.469
                [restartedMain] [studmgmt] org.apache.coyote.http11.Http11NioProtocol - Starting ProtocolHandler ["http-nio-8080"]
[] [INFO ] 2025-12-17 20:15:53.472
                [restartedMain] [studmgmt] org.springframework.boot.web.embedded.tomcat.TomcatWebServer - Tomcat started on port 8080 (http) with context path '/'
[] [INFO ] 2025-12-17 20:15:53.524
                [restartedMain] [studmgmt] com.techcode.studentmgmt.studentmgmtApplication - Started studentmgmtApplication in 2.837 seconds (process running for 328.962)
[] [INFO ] 2025-12-17 20:15:53.527
                [restartedMain] [studmgmt] org.springframework.boot.devtools.autoconfigure.ConditionEvaluationDeltaLoggingListener - Condition evaluation unchanged
[] [INFO ] 2025-12-17 20:16:10.216
                [File Watcher] [studmgmt] org.springframework.boot.devtools.autoconfigure.LocalDevToolsAutoConfiguration$RestartingClassPathChangeChangedEventListener - Restarting due to 1 class path change (0 additions, 0 deletions, 1 modification)
[] [INFO ] 2025-12-17 20:16:10.218
                [Thread-21] [studmgmt] org.springframework.boot.web.embedded.tomcat.GracefulShutdown - Commencing graceful shutdown. Waiting for active requests to complete
[] [INFO ] 2025-12-17 20:16:10.219
                [tomcat-shutdown] [studmgmt] org.apache.coyote.http11.Http11NioProtocol - Pausing ProtocolHandler ["http-nio-8080"]
[] [INFO ] 2025-12-17 20:16:10.289
                [tomcat-shutdown] [studmgmt] org.springframework.boot.web.embedded.tomcat.GracefulShutdown - Graceful shutdown complete
[] [INFO ] 2025-12-17 20:16:10.289
                [Thread-21] [studmgmt] org.apache.coyote.http11.Http11NioProtocol - Stopping ProtocolHandler ["http-nio-8080"]
[] [INFO ] 2025-12-17 20:16:10.292
                [Thread-21] [studmgmt] com.zaxxer.hikari.HikariDataSource - TechCodeHikariPool - Shutdown initiated...
[] [INFO ] 2025-12-17 20:16:10.293
                [Thread-21] [studmgmt] com.zaxxer.hikari.HikariDataSource - TechCodeHikariPool - Shutdown completed.
[] [INFO ] 2025-12-17 20:16:10.389
                [restartedMain] [studmgmt] com.techcode.studentmgmt.studentmgmtApplication - Starting studentmgmtApplication using Java 17.0.12 with PID 12528 (F:\Spring-Workspace\college-placements-portal\target\classes started by pavansiddabathula in F:\Spring-Workspace\college-placements-portal)
[] [INFO ] 2025-12-17 20:16:10.390
                [restartedMain] [studmgmt] com.techcode.studentmgmt.studentmgmtApplication - The following 1 profile is active: "local"
[] [INFO ] 2025-12-17 20:16:10.606
                [restartedMain] [studmgmt] org.springframework.data.repository.config.RepositoryConfigurationDelegate - Bootstrapping Spring Data JPA repositories in DEFAULT mode.
[] [INFO ] 2025-12-17 20:16:10.623
                [restartedMain] [studmgmt] org.springframework.data.repository.config.RepositoryConfigurationDelegate - Finished Spring Data repository scanning in 14 ms. Found 4 JPA repository interfaces.
[] [INFO ] 2025-12-17 20:16:10.657
                [restartedMain] [studmgmt] org.springframework.cloud.context.scope.GenericScope - BeanFactory id=9e52753f-6893-37de-a83f-58d7466554bf
[] [INFO ] 2025-12-17 20:16:10.799
                [restartedMain] [studmgmt] org.springframework.boot.web.embedded.tomcat.TomcatWebServer - Tomcat initialized with port 8080 (http)
[] [INFO ] 2025-12-17 20:16:10.800
                [restartedMain] [studmgmt] org.apache.coyote.http11.Http11NioProtocol - Initializing ProtocolHandler ["http-nio-8080"]
[] [INFO ] 2025-12-17 20:16:10.800
                [restartedMain] [studmgmt] org.apache.catalina.core.StandardService - Starting service [Tomcat]
[] [INFO ] 2025-12-17 20:16:10.800
                [restartedMain] [studmgmt] org.apache.catalina.core.StandardEngine - Starting Servlet engine: [Apache Tomcat/10.1.40]
[] [INFO ] 2025-12-17 20:16:10.820
                [restartedMain] [studmgmt] org.apache.catalina.core.ContainerBase.[Tomcat].[localhost].[/] - Initializing Spring embedded WebApplicationContext
[] [INFO ] 2025-12-17 20:16:10.820
                [restartedMain] [studmgmt] org.springframework.boot.web.servlet.context.ServletWebServerApplicationContext - Root WebApplicationContext: initialization completed in 430 ms
[] [INFO ] 2025-12-17 20:16:10.989
                [restartedMain] [studmgmt] com.zaxxer.hikari.HikariDataSource - TechCodeHikariPool - Starting...
[] [INFO ] 2025-12-17 20:16:10.992
                [restartedMain] [studmgmt] com.zaxxer.hikari.pool.HikariPool - TechCodeHikariPool - Added connection com.mysql.cj.jdbc.ConnectionImpl@42026dd6
[] [INFO ] 2025-12-17 20:16:10.993
                [restartedMain] [studmgmt] com.zaxxer.hikari.HikariDataSource - TechCodeHikariPool - Start completed.
[] [WARN ] 2025-12-17 20:16:11.548
                [restartedMain] [studmgmt] org.springframework.boot.autoconfigure.orm.jpa.JpaBaseConfiguration$JpaWebConfiguration - spring.jpa.open-in-view is enabled by default. Therefore, database queries may be performed during view rendering. Explicitly configure spring.jpa.open-in-view to disable this warning
[] [INFO ] 2025-12-17 20:16:11.596
                [restartedMain] [studmgmt] org.springframework.security.config.annotation.authentication.configuration.InitializeUserDetailsBeanManagerConfigurer$InitializeUserDetailsManagerConfigurer - Global AuthenticationManager configured with UserDetailsService bean with name customUserDetailsService
[] [INFO ] 2025-12-17 20:16:11.999
                [restartedMain] [studmgmt] org.springframework.boot.actuate.endpoint.web.EndpointLinksResolver - Exposing 26 endpoints beneath base path '/actuator'
[] [INFO ] 2025-12-17 20:16:12.522
                [restartedMain] [studmgmt] org.springframework.boot.devtools.autoconfigure.OptionalLiveReloadServer - LiveReload server is running on port 35729
[] [INFO ] 2025-12-17 20:16:12.610
                [restartedMain] [studmgmt] org.apache.coyote.http11.Http11NioProtocol - Starting ProtocolHandler ["http-nio-8080"]
[] [INFO ] 2025-12-17 20:16:12.613
                [restartedMain] [studmgmt] org.springframework.boot.web.embedded.tomcat.TomcatWebServer - Tomcat started on port 8080 (http) with context path '/'
[] [INFO ] 2025-12-17 20:16:12.658
                [restartedMain] [studmgmt] com.techcode.studentmgmt.studentmgmtApplication - Started studentmgmtApplication in 2.324 seconds (process running for 348.096)
[] [INFO ] 2025-12-17 20:16:12.662
                [restartedMain] [studmgmt] org.springframework.boot.devtools.autoconfigure.ConditionEvaluationDeltaLoggingListener - Condition evaluation unchanged
[] [INFO ] 2025-12-17 20:16:20.763
                [http-nio-8080-exec-4] [studmgmt] org.apache.catalina.core.ContainerBase.[Tomcat].[localhost].[/] - Initializing Spring DispatcherServlet 'dispatcherServlet'
[] [INFO ] 2025-12-17 20:16:20.763
                [http-nio-8080-exec-4] [studmgmt] org.springframework.web.servlet.DispatcherServlet - Initializing Servlet 'dispatcherServlet'
[] [INFO ] 2025-12-17 20:16:20.767
                [http-nio-8080-exec-4] [studmgmt] org.springframework.web.servlet.DispatcherServlet - Completed initialization in 4 ms
[93898ab5-57e4-4503-8b3a-e965271f8713] [INFO ] 2025-12-17 20:16:20.773
                [http-nio-8080-exec-4] [studmgmt] com.techcode.studentmgmt.controller.AuthController - Admin login attempt: ADM001
[93898ab5-57e4-4503-8b3a-e965271f8713] [INFO ] 2025-12-17 20:16:20.773
                [http-nio-8080-exec-4] [studmgmt] com.techcode.studentmgmt.service.AuthServiceImpl - Admin login attempt for ID: ADM001
[93898ab5-57e4-4503-8b3a-e965271f8713] [ERROR] 2025-12-17 20:16:20.897
                [http-nio-8080-exec-4] [studmgmt] com.techcode.studentmgmt.service.AuthServiceImpl - Invalid password for admin ID: ADM001
[93898ab5-57e4-4503-8b3a-e965271f8713] [WARN ] 2025-12-17 20:16:20.901
                [http-nio-8080-exec-4] [studmgmt] com.techcode.studentmgmt.exceptions.GlobalExceptionHandler - Business exception caught: INVALID_ADMIN_PASSWORD
[93898ab5-57e4-4503-8b3a-e965271f8713] [WARN ] 2025-12-17 20:16:20.910
                [http-nio-8080-exec-4] [studmgmt] org.springframework.web.servlet.mvc.method.annotation.ExceptionHandlerExceptionResolver - Resolved [com.techcode.studentmgmt.exceptions.BusinessException: Invalid password for admin ID 'ADM001'.]
[] [INFO ] 2025-12-17 20:16:20.912
                [http-nio-8080-exec-4] [studmgmt] com.techcode.studentmgmt.config.ApiTimingFilter - API Time :: [POST /api/auth/admin/login] took 142 ms
[] [INFO ] 2025-12-17 20:19:18.758
                [File Watcher] [studmgmt] org.springframework.boot.devtools.autoconfigure.LocalDevToolsAutoConfiguration$RestartingClassPathChangeChangedEventListener - Restarting due to 1 class path change (0 additions, 1 deletion, 0 modifications)
[] [INFO ] 2025-12-17 20:19:18.761
                [Thread-27] [studmgmt] org.springframework.boot.web.embedded.tomcat.GracefulShutdown - Commencing graceful shutdown. Waiting for active requests to complete
[] [INFO ] 2025-12-17 20:19:18.762
                [tomcat-shutdown] [studmgmt] org.apache.coyote.http11.Http11NioProtocol - Pausing ProtocolHandler ["http-nio-8080"]
[] [INFO ] 2025-12-17 20:19:18.838
                [tomcat-shutdown] [studmgmt] org.springframework.boot.web.embedded.tomcat.GracefulShutdown - Graceful shutdown complete
[] [INFO ] 2025-12-17 20:19:18.838
                [Thread-27] [studmgmt] org.apache.coyote.http11.Http11NioProtocol - Stopping ProtocolHandler ["http-nio-8080"]
[] [INFO ] 2025-12-17 20:19:18.841
                [Thread-27] [studmgmt] com.zaxxer.hikari.HikariDataSource - TechCodeHikariPool - Shutdown initiated...
[] [INFO ] 2025-12-17 20:19:18.842
                [Thread-27] [studmgmt] com.zaxxer.hikari.HikariDataSource - TechCodeHikariPool - Shutdown completed.
[] [INFO ] 2025-12-17 20:19:18.962
                [restartedMain] [studmgmt] com.techcode.studentmgmt.studentmgmtApplication - Starting studentmgmtApplication using Java 17.0.12 with PID 12528 (F:\Spring-Workspace\college-placements-portal\target\classes started by pavansiddabathula in F:\Spring-Workspace\college-placements-portal)
[] [INFO ] 2025-12-17 20:19:18.962
                [restartedMain] [studmgmt] com.techcode.studentmgmt.studentmgmtApplication - The following 1 profile is active: "local"
[] [INFO ] 2025-12-17 20:19:19.267
                [restartedMain] [studmgmt] org.springframework.data.repository.config.RepositoryConfigurationDelegate - Bootstrapping Spring Data JPA repositories in DEFAULT mode.
[] [INFO ] 2025-12-17 20:19:19.283
                [restartedMain] [studmgmt] org.springframework.data.repository.config.RepositoryConfigurationDelegate - Finished Spring Data repository scanning in 14 ms. Found 4 JPA repository interfaces.
[] [INFO ] 2025-12-17 20:19:19.325
                [restartedMain] [studmgmt] org.springframework.cloud.context.scope.GenericScope - BeanFactory id=9e52753f-6893-37de-a83f-58d7466554bf
[] [INFO ] 2025-12-17 20:19:19.517
                [restartedMain] [studmgmt] org.springframework.boot.web.embedded.tomcat.TomcatWebServer - Tomcat initialized with port 8080 (http)
[] [INFO ] 2025-12-17 20:19:19.517
                [restartedMain] [studmgmt] org.apache.coyote.http11.Http11NioProtocol - Initializing ProtocolHandler ["http-nio-8080"]
[] [INFO ] 2025-12-17 20:19:19.517
                [restartedMain] [studmgmt] org.apache.catalina.core.StandardService - Starting service [Tomcat]
[] [INFO ] 2025-12-17 20:19:19.518
                [restartedMain] [studmgmt] org.apache.catalina.core.StandardEngine - Starting Servlet engine: [Apache Tomcat/10.1.40]
[] [INFO ] 2025-12-17 20:19:19.539
                [restartedMain] [studmgmt] org.apache.catalina.core.ContainerBase.[Tomcat].[localhost].[/] - Initializing Spring embedded WebApplicationContext
[] [INFO ] 2025-12-17 20:19:19.539
                [restartedMain] [studmgmt] org.springframework.boot.web.servlet.context.ServletWebServerApplicationContext - Root WebApplicationContext: initialization completed in 576 ms
[] [INFO ] 2025-12-17 20:19:19.771
                [restartedMain] [studmgmt] com.zaxxer.hikari.HikariDataSource - TechCodeHikariPool - Starting...
[] [INFO ] 2025-12-17 20:19:19.775
                [restartedMain] [studmgmt] com.zaxxer.hikari.pool.HikariPool - TechCodeHikariPool - Added connection com.mysql.cj.jdbc.ConnectionImpl@7458790f
[] [INFO ] 2025-12-17 20:19:19.776
                [restartedMain] [studmgmt] com.zaxxer.hikari.HikariDataSource - TechCodeHikariPool - Start completed.
[] [WARN ] 2025-12-17 20:19:20.467
                [restartedMain] [studmgmt] org.springframework.boot.autoconfigure.orm.jpa.JpaBaseConfiguration$JpaWebConfiguration - spring.jpa.open-in-view is enabled by default. Therefore, database queries may be performed during view rendering. Explicitly configure spring.jpa.open-in-view to disable this warning
[] [INFO ] 2025-12-17 20:19:20.533
                [restartedMain] [studmgmt] org.springframework.security.config.annotation.authentication.configuration.InitializeUserDetailsBeanManagerConfigurer$InitializeUserDetailsManagerConfigurer - Global AuthenticationManager configured with UserDetailsService bean with name customUserDetailsService
[] [INFO ] 2025-12-17 20:19:21.044
                [restartedMain] [studmgmt] org.springframework.boot.actuate.endpoint.web.EndpointLinksResolver - Exposing 26 endpoints beneath base path '/actuator'
[] [INFO ] 2025-12-17 20:19:21.710
                [restartedMain] [studmgmt] org.springframework.boot.devtools.autoconfigure.OptionalLiveReloadServer - LiveReload server is running on port 35729
[] [INFO ] 2025-12-17 20:19:21.836
                [restartedMain] [studmgmt] org.apache.coyote.http11.Http11NioProtocol - Starting ProtocolHandler ["http-nio-8080"]
[] [INFO ] 2025-12-17 20:19:21.839
                [restartedMain] [studmgmt] org.springframework.boot.web.embedded.tomcat.TomcatWebServer - Tomcat started on port 8080 (http) with context path '/'
[] [INFO ] 2025-12-17 20:19:21.895
                [restartedMain] [studmgmt] com.techcode.studentmgmt.studentmgmtApplication - Started studentmgmtApplication in 3.002 seconds (process running for 537.332)
[] [INFO ] 2025-12-17 20:19:21.898
                [restartedMain] [studmgmt] org.springframework.boot.devtools.autoconfigure.ConditionEvaluationDeltaLoggingListener - Condition evaluation unchanged
[] [INFO ] 2025-12-17 20:19:25.200
                [File Watcher] [studmgmt] org.springframework.boot.devtools.autoconfigure.LocalDevToolsAutoConfiguration$RestartingClassPathChangeChangedEventListener - Restarting due to 1 class path change (0 additions, 1 deletion, 0 modifications)
[] [INFO ] 2025-12-17 20:19:25.204
                [Thread-33] [studmgmt] org.springframework.boot.web.embedded.tomcat.GracefulShutdown - Commencing graceful shutdown. Waiting for active requests to complete
[] [INFO ] 2025-12-17 20:19:25.205
                [tomcat-shutdown] [studmgmt] org.apache.coyote.http11.Http11NioProtocol - Pausing ProtocolHandler ["http-nio-8080"]
[] [INFO ] 2025-12-17 20:19:25.281
                [tomcat-shutdown] [studmgmt] org.springframework.boot.web.embedded.tomcat.GracefulShutdown - Graceful shutdown complete
[] [INFO ] 2025-12-17 20:19:25.281
                [Thread-33] [studmgmt] org.apache.coyote.http11.Http11NioProtocol - Stopping ProtocolHandler ["http-nio-8080"]
[] [INFO ] 2025-12-17 20:19:25.284
                [Thread-33] [studmgmt] com.zaxxer.hikari.HikariDataSource - TechCodeHikariPool - Shutdown initiated...
[] [INFO ] 2025-12-17 20:19:25.285
                [Thread-33] [studmgmt] com.zaxxer.hikari.HikariDataSource - TechCodeHikariPool - Shutdown completed.
[] [INFO ] 2025-12-17 20:19:25.398
                [restartedMain] [studmgmt] com.techcode.studentmgmt.studentmgmtApplication - Starting studentmgmtApplication using Java 17.0.12 with PID 12528 (F:\Spring-Workspace\college-placements-portal\target\classes started by pavansiddabathula in F:\Spring-Workspace\college-placements-portal)
[] [INFO ] 2025-12-17 20:19:25.398
                [restartedMain] [studmgmt] com.techcode.studentmgmt.studentmgmtApplication - The following 1 profile is active: "local"
[] [INFO ] 2025-12-17 20:19:25.660
                [restartedMain] [studmgmt] org.springframework.data.repository.config.RepositoryConfigurationDelegate - Bootstrapping Spring Data JPA repositories in DEFAULT mode.
[] [INFO ] 2025-12-17 20:19:25.677
                [restartedMain] [studmgmt] org.springframework.data.repository.config.RepositoryConfigurationDelegate - Finished Spring Data repository scanning in 15 ms. Found 4 JPA repository interfaces.
[] [INFO ] 2025-12-17 20:19:25.723
                [restartedMain] [studmgmt] org.springframework.cloud.context.scope.GenericScope - BeanFactory id=9e52753f-6893-37de-a83f-58d7466554bf
[] [INFO ] 2025-12-17 20:19:25.908
                [restartedMain] [studmgmt] org.springframework.boot.web.embedded.tomcat.TomcatWebServer - Tomcat initialized with port 8080 (http)
[] [INFO ] 2025-12-17 20:19:25.909
                [restartedMain] [studmgmt] org.apache.coyote.http11.Http11NioProtocol - Initializing ProtocolHandler ["http-nio-8080"]
[] [INFO ] 2025-12-17 20:19:25.909
                [restartedMain] [studmgmt] org.apache.catalina.core.StandardService - Starting service [Tomcat]
[] [INFO ] 2025-12-17 20:19:25.909
                [restartedMain] [studmgmt] org.apache.catalina.core.StandardEngine - Starting Servlet engine: [Apache Tomcat/10.1.40]
[] [INFO ] 2025-12-17 20:19:25.929
                [restartedMain] [studmgmt] org.apache.catalina.core.ContainerBase.[Tomcat].[localhost].[/] - Initializing Spring embedded WebApplicationContext
[] [INFO ] 2025-12-17 20:19:25.929
                [restartedMain] [studmgmt] org.springframework.boot.web.servlet.context.ServletWebServerApplicationContext - Root WebApplicationContext: initialization completed in 530 ms
[] [INFO ] 2025-12-17 20:19:26.150
                [restartedMain] [studmgmt] com.zaxxer.hikari.HikariDataSource - TechCodeHikariPool - Starting...
[] [INFO ] 2025-12-17 20:19:26.157
                [restartedMain] [studmgmt] com.zaxxer.hikari.pool.HikariPool - TechCodeHikariPool - Added connection com.mysql.cj.jdbc.ConnectionImpl@2d2e8815
[] [INFO ] 2025-12-17 20:19:26.157
                [restartedMain] [studmgmt] com.zaxxer.hikari.HikariDataSource - TechCodeHikariPool - Start completed.
[] [WARN ] 2025-12-17 20:19:26.809
                [restartedMain] [studmgmt] org.springframework.boot.autoconfigure.orm.jpa.JpaBaseConfiguration$JpaWebConfiguration - spring.jpa.open-in-view is enabled by default. Therefore, database queries may be performed during view rendering. Explicitly configure spring.jpa.open-in-view to disable this warning
[] [INFO ] 2025-12-17 20:19:26.876
                [restartedMain] [studmgmt] org.springframework.security.config.annotation.authentication.configuration.InitializeUserDetailsBeanManagerConfigurer$InitializeUserDetailsManagerConfigurer - Global AuthenticationManager configured with UserDetailsService bean with name customUserDetailsService
[] [INFO ] 2025-12-17 20:19:27.394
                [restartedMain] [studmgmt] org.springframework.boot.actuate.endpoint.web.EndpointLinksResolver - Exposing 26 endpoints beneath base path '/actuator'
[] [INFO ] 2025-12-17 20:19:28.024
                [restartedMain] [studmgmt] org.springframework.boot.devtools.autoconfigure.OptionalLiveReloadServer - LiveReload server is running on port 35729
[] [INFO ] 2025-12-17 20:19:28.126
                [restartedMain] [studmgmt] org.apache.coyote.http11.Http11NioProtocol - Starting ProtocolHandler ["http-nio-8080"]
[] [INFO ] 2025-12-17 20:19:28.128
                [restartedMain] [studmgmt] org.springframework.boot.web.embedded.tomcat.TomcatWebServer - Tomcat started on port 8080 (http) with context path '/'
[] [INFO ] 2025-12-17 20:19:28.183
                [restartedMain] [studmgmt] com.techcode.studentmgmt.studentmgmtApplication - Started studentmgmtApplication in 2.846 seconds (process running for 543.62)
[] [INFO ] 2025-12-17 20:19:28.185
                [restartedMain] [studmgmt] org.springframework.boot.devtools.autoconfigure.ConditionEvaluationDeltaLoggingListener - Condition evaluation unchanged
[] [INFO ] 2025-12-17 20:19:30.476
                [File Watcher] [studmgmt] org.springframework.boot.devtools.autoconfigure.LocalDevToolsAutoConfiguration$RestartingClassPathChangeChangedEventListener - Restarting due to 1 class path change (0 additions, 1 deletion, 0 modifications)
[] [INFO ] 2025-12-17 20:19:30.477
                [Thread-39] [studmgmt] org.springframework.boot.web.embedded.tomcat.GracefulShutdown - Commencing graceful shutdown. Waiting for active requests to complete
[] [INFO ] 2025-12-17 20:19:30.477
                [tomcat-shutdown] [studmgmt] org.apache.coyote.http11.Http11NioProtocol - Pausing ProtocolHandler ["http-nio-8080"]
[] [INFO ] 2025-12-17 20:19:30.554
                [tomcat-shutdown] [studmgmt] org.springframework.boot.web.embedded.tomcat.GracefulShutdown - Graceful shutdown complete
[] [INFO ] 2025-12-17 20:19:30.554
                [Thread-39] [studmgmt] org.apache.coyote.http11.Http11NioProtocol - Stopping ProtocolHandler ["http-nio-8080"]
[] [INFO ] 2025-12-17 20:19:30.557
                [Thread-39] [studmgmt] com.zaxxer.hikari.HikariDataSource - TechCodeHikariPool - Shutdown initiated...
[] [INFO ] 2025-12-17 20:19:30.558
                [Thread-39] [studmgmt] com.zaxxer.hikari.HikariDataSource - TechCodeHikariPool - Shutdown completed.
[INFO ] 2025-12-17 20:22:18.087
                [restartedMain] [studmgmt] com.techcode.studentmgmt.studentmgmtApplication - Starting studentmgmtApplication using Java 17.0.12 with PID 12528 (F:\Spring-Workspace\college-placements-portal\target\classes started by pavansiddabathula in F:\Spring-Workspace\college-placements-portal)
[DEBUG] 2025-12-17 20:22:18.087
                [restartedMain] [studmgmt] com.techcode.studentmgmt.studentmgmtApplication - Running with Spring Boot v3.4.5, Spring v6.2.6
[INFO ] 2025-12-17 20:22:18.088
                [restartedMain] [studmgmt] com.techcode.studentmgmt.studentmgmtApplication - The following 1 profile is active: "local"
[INFO ] 2025-12-17 20:22:18.353
                [restartedMain] [studmgmt] org.springframework.data.repository.config.RepositoryConfigurationDelegate - Bootstrapping Spring Data JPA repositories in DEFAULT mode.
[INFO ] 2025-12-17 20:22:18.369
                [restartedMain] [studmgmt] org.springframework.data.repository.config.RepositoryConfigurationDelegate - Finished Spring Data repository scanning in 14 ms. Found 4 JPA repository interfaces.
[INFO ] 2025-12-17 20:22:18.408
                [restartedMain] [studmgmt] org.springframework.cloud.context.scope.GenericScope - BeanFactory id=9e52753f-6893-37de-a83f-58d7466554bf
[INFO ] 2025-12-17 20:22:18.604
                [restartedMain] [studmgmt] org.springframework.boot.web.embedded.tomcat.TomcatWebServer - Tomcat initialized with port 8080 (http)
[INFO ] 2025-12-17 20:22:18.605
                [restartedMain] [studmgmt] org.apache.coyote.http11.Http11NioProtocol - Initializing ProtocolHandler ["http-nio-8080"]
[INFO ] 2025-12-17 20:22:18.605
                [restartedMain] [studmgmt] org.apache.catalina.core.StandardService - Starting service [Tomcat]
[INFO ] 2025-12-17 20:22:18.605
                [restartedMain] [studmgmt] org.apache.catalina.core.StandardEngine - Starting Servlet engine: [Apache Tomcat/10.1.40]
[INFO ] 2025-12-17 20:22:18.629
                [restartedMain] [studmgmt] org.apache.catalina.core.ContainerBase.[Tomcat].[localhost].[/] - Initializing Spring embedded WebApplicationContext
[INFO ] 2025-12-17 20:22:18.630
                [restartedMain] [studmgmt] org.springframework.boot.web.servlet.context.ServletWebServerApplicationContext - Root WebApplicationContext: initialization completed in 541 ms
[INFO ] 2025-12-17 20:22:18.863
                [restartedMain] [studmgmt] com.zaxxer.hikari.HikariDataSource - TechCodeHikariPool - Starting...
[INFO ] 2025-12-17 20:22:18.867
                [restartedMain] [studmgmt] com.zaxxer.hikari.pool.HikariPool - TechCodeHikariPool - Added connection com.mysql.cj.jdbc.ConnectionImpl@36b5612f
[INFO ] 2025-12-17 20:22:18.867
                [restartedMain] [studmgmt] com.zaxxer.hikari.HikariDataSource - TechCodeHikariPool - Start completed.
[DEBUG] 2025-12-17 20:22:19.130
                [restartedMain] [studmgmt] com.techcode.studentmgmt.secuirty.JwtFilter - Filter 'jwtFilter' configured for use
[WARN ] 2025-12-17 20:22:19.577
                [restartedMain] [studmgmt] org.springframework.boot.autoconfigure.orm.jpa.JpaBaseConfiguration$JpaWebConfiguration - spring.jpa.open-in-view is enabled by default. Therefore, database queries may be performed during view rendering. Explicitly configure spring.jpa.open-in-view to disable this warning
[INFO ] 2025-12-17 20:22:19.645
                [restartedMain] [studmgmt] org.springframework.security.config.annotation.authentication.configuration.InitializeUserDetailsBeanManagerConfigurer$InitializeUserDetailsManagerConfigurer - Global AuthenticationManager configured with UserDetailsService bean with name customUserDetailsService
[INFO ] 2025-12-17 20:22:20.161
                [restartedMain] [studmgmt] org.springframework.boot.actuate.endpoint.web.EndpointLinksResolver - Exposing 26 endpoints beneath base path '/actuator'
[INFO ] 2025-12-17 20:22:20.848
                [restartedMain] [studmgmt] org.springframework.boot.devtools.autoconfigure.OptionalLiveReloadServer - LiveReload server is running on port 35729
[INFO ] 2025-12-17 20:22:20.956
                [restartedMain] [studmgmt] org.apache.coyote.http11.Http11NioProtocol - Starting ProtocolHandler ["http-nio-8080"]
[INFO ] 2025-12-17 20:22:20.959
                [restartedMain] [studmgmt] org.springframework.boot.web.embedded.tomcat.TomcatWebServer - Tomcat started on port 8080 (http) with context path '/'
[INFO ] 2025-12-17 20:22:21.016
                [restartedMain] [studmgmt] com.techcode.studentmgmt.studentmgmtApplication - Started studentmgmtApplication in 2.997 seconds (process running for 716.453)
[INFO ] 2025-12-17 20:22:21.019
                [restartedMain] [studmgmt] org.springframework.boot.devtools.autoconfigure.ConditionEvaluationDeltaLoggingListener - Condition evaluation unchanged
[INFO ] 2025-12-17 20:23:06.641
                [main] [studmgmt] com.techcode.studentmgmt.studentmgmtApplicationTests - Starting studentmgmtApplicationTests using Java 17.0.12 with PID 3256 (started by pavansiddabathula in F:\Spring-Workspace\college-placements-portal)
[DEBUG] 2025-12-17 20:23:06.642
                [main] [studmgmt] com.techcode.studentmgmt.studentmgmtApplicationTests - Running with Spring Boot v3.4.5, Spring v6.2.6
[INFO ] 2025-12-17 20:23:06.643
                [main] [studmgmt] com.techcode.studentmgmt.studentmgmtApplicationTests - The following 1 profile is active: "local"
[INFO ] 2025-12-17 20:23:08.426
                [main] [studmgmt] org.springframework.data.repository.config.RepositoryConfigurationDelegate - Bootstrapping Spring Data JPA repositories in DEFAULT mode.
[INFO ] 2025-12-17 20:23:08.556
                [main] [studmgmt] org.springframework.data.repository.config.RepositoryConfigurationDelegate - Finished Spring Data repository scanning in 112 ms. Found 4 JPA repository interfaces.
[INFO ] 2025-12-17 20:23:09.054
                [main] [studmgmt] org.springframework.cloud.context.scope.GenericScope - BeanFactory id=830a963a-e567-302a-ae1a-ae6084db45e9
[INFO ] 2025-12-17 20:23:11.433
                [main] [studmgmt] com.zaxxer.hikari.HikariDataSource - TechCodeHikariPool - Starting...
[INFO ] 2025-12-17 20:23:11.585
                [main] [studmgmt] com.zaxxer.hikari.pool.HikariPool - TechCodeHikariPool - Added connection com.mysql.cj.jdbc.ConnectionImpl@4423692a
[INFO ] 2025-12-17 20:23:11.587
                [main] [studmgmt] com.zaxxer.hikari.HikariDataSource - TechCodeHikariPool - Start completed.
[INFO ] 2025-12-17 20:23:13.931
                [main] [studmgmt] org.springframework.data.jpa.repository.query.QueryEnhancerFactory - Hibernate is in classpath; If applicable, HQL parser will be used.
[WARN ] 2025-12-17 20:23:16.809
                [main] [studmgmt] org.springframework.boot.autoconfigure.orm.jpa.JpaBaseConfiguration$JpaWebConfiguration - spring.jpa.open-in-view is enabled by default. Therefore, database queries may be performed during view rendering. Explicitly configure spring.jpa.open-in-view to disable this warning
[INFO ] 2025-12-17 20:23:16.945
                [main] [studmgmt] org.springframework.security.config.annotation.authentication.configuration.InitializeUserDetailsBeanManagerConfigurer$InitializeUserDetailsManagerConfigurer - Global AuthenticationManager configured with UserDetailsService bean with name customUserDetailsService
[INFO ] 2025-12-17 20:23:18.315
                [main] [studmgmt] org.springframework.boot.actuate.endpoint.web.EndpointLinksResolver - Exposing 26 endpoints beneath base path '/actuator'
[INFO ] 2025-12-17 20:23:19.501
                [main] [studmgmt] com.techcode.studentmgmt.studentmgmtApplicationTests - Started studentmgmtApplicationTests in 13.351 seconds (process running for 14.447)
[INFO ] 2025-12-17 20:23:20.006
                [SpringApplicationShutdownHook] [studmgmt] com.zaxxer.hikari.HikariDataSource - TechCodeHikariPool - Shutdown initiated...
[INFO ] 2025-12-17 20:23:20.017
                [SpringApplicationShutdownHook] [studmgmt] com.zaxxer.hikari.HikariDataSource - TechCodeHikariPool - Shutdown completed.
[INFO ] 2025-12-17 20:23:24.412
                [restartedMain] [studmgmt] com.techcode.studentmgmt.studentmgmtApplication - Starting studentmgmtApplication using Java 17.0.12 with PID 4884 (F:\Spring-Workspace\college-placements-portal\target\classes started by pavansiddabathula in F:\Spring-Workspace\college-placements-portal)
[DEBUG] 2025-12-17 20:23:24.413
                [restartedMain] [studmgmt] com.techcode.studentmgmt.studentmgmtApplication - Running with Spring Boot v3.4.5, Spring v6.2.6
[INFO ] 2025-12-17 20:23:24.414
                [restartedMain] [studmgmt] com.techcode.studentmgmt.studentmgmtApplication - The following 1 profile is active: "local"
[INFO ] 2025-12-17 20:23:24.453
                [restartedMain] [studmgmt] org.springframework.boot.devtools.env.DevToolsPropertyDefaultsPostProcessor - Devtools property defaults active! Set 'spring.devtools.add-properties' to 'false' to disable
[INFO ] 2025-12-17 20:23:24.453
                [restartedMain] [studmgmt] org.springframework.boot.devtools.env.DevToolsPropertyDefaultsPostProcessor - For additional web related logging consider setting the 'logging.level.web' property to 'DEBUG'
[INFO ] 2025-12-17 20:23:25.477
                [restartedMain] [studmgmt] org.springframework.data.repository.config.RepositoryConfigurationDelegate - Bootstrapping Spring Data JPA repositories in DEFAULT mode.
[INFO ] 2025-12-17 20:23:25.536
                [restartedMain] [studmgmt] org.springframework.data.repository.config.RepositoryConfigurationDelegate - Finished Spring Data repository scanning in 51 ms. Found 4 JPA repository interfaces.
[INFO ] 2025-12-17 20:23:25.759
                [restartedMain] [studmgmt] org.springframework.cloud.context.scope.GenericScope - BeanFactory id=9e52753f-6893-37de-a83f-58d7466554bf
[INFO ] 2025-12-17 20:23:26.506
                [restartedMain] [studmgmt] org.springframework.boot.web.embedded.tomcat.TomcatWebServer - Tomcat initialized with port 8080 (http)
[INFO ] 2025-12-17 20:23:26.515
                [restartedMain] [studmgmt] org.apache.coyote.http11.Http11NioProtocol - Initializing ProtocolHandler ["http-nio-8080"]
[INFO ] 2025-12-17 20:23:26.516
                [restartedMain] [studmgmt] org.apache.catalina.core.StandardService - Starting service [Tomcat]
[INFO ] 2025-12-17 20:23:26.516
                [restartedMain] [studmgmt] org.apache.catalina.core.StandardEngine - Starting Servlet engine: [Apache Tomcat/10.1.40]
[INFO ] 2025-12-17 20:23:26.561
                [restartedMain] [studmgmt] org.apache.catalina.core.ContainerBase.[Tomcat].[localhost].[/] - Initializing Spring embedded WebApplicationContext
[INFO ] 2025-12-17 20:23:26.562
                [restartedMain] [studmgmt] org.springframework.boot.web.servlet.context.ServletWebServerApplicationContext - Root WebApplicationContext: initialization completed in 2109 ms
[INFO ] 2025-12-17 20:23:27.140
                [restartedMain] [studmgmt] com.zaxxer.hikari.HikariDataSource - TechCodeHikariPool - Starting...
[INFO ] 2025-12-17 20:23:27.255
                [restartedMain] [studmgmt] com.zaxxer.hikari.pool.HikariPool - TechCodeHikariPool - Added connection com.mysql.cj.jdbc.ConnectionImpl@601e117c
[INFO ] 2025-12-17 20:23:27.257
                [restartedMain] [studmgmt] com.zaxxer.hikari.HikariDataSource - TechCodeHikariPool - Start completed.
[INFO ] 2025-12-17 20:23:28.351
                [restartedMain] [studmgmt] org.springframework.data.jpa.repository.query.QueryEnhancerFactory - Hibernate is in classpath; If applicable, HQL parser will be used.
[DEBUG] 2025-12-17 20:23:28.434
                [restartedMain] [studmgmt] com.techcode.studentmgmt.secuirty.JwtFilter - Filter 'jwtFilter' configured for use
[WARN ] 2025-12-17 20:23:29.369
                [restartedMain] [studmgmt] org.springframework.boot.autoconfigure.orm.jpa.JpaBaseConfiguration$JpaWebConfiguration - spring.jpa.open-in-view is enabled by default. Therefore, database queries may be performed during view rendering. Explicitly configure spring.jpa.open-in-view to disable this warning
[INFO ] 2025-12-17 20:23:29.447
                [restartedMain] [studmgmt] org.springframework.security.config.annotation.authentication.configuration.InitializeUserDetailsBeanManagerConfigurer$InitializeUserDetailsManagerConfigurer - Global AuthenticationManager configured with UserDetailsService bean with name customUserDetailsService
[INFO ] 2025-12-17 20:23:30.128
                [restartedMain] [studmgmt] org.springframework.boot.actuate.endpoint.web.EndpointLinksResolver - Exposing 26 endpoints beneath base path '/actuator'
[INFO ] 2025-12-17 20:23:30.943
                [restartedMain] [studmgmt] org.springframework.boot.devtools.autoconfigure.OptionalLiveReloadServer - LiveReload server is running on port 35729
[INFO ] 2025-12-17 20:23:31.087
                [restartedMain] [studmgmt] org.apache.coyote.http11.Http11NioProtocol - Starting ProtocolHandler ["http-nio-8080"]
[INFO ] 2025-12-17 20:23:31.098
                [restartedMain] [studmgmt] org.springframework.boot.web.embedded.tomcat.TomcatWebServer - Tomcat started on port 8080 (http) with context path '/'
[INFO ] 2025-12-17 20:23:31.161
                [restartedMain] [studmgmt] com.techcode.studentmgmt.studentmgmtApplication - Started studentmgmtApplication in 7.219 seconds (process running for 7.652)
[INFO ] 2025-12-17 20:26:04.324
                [File Watcher] [studmgmt] org.springframework.boot.devtools.autoconfigure.LocalDevToolsAutoConfiguration$RestartingClassPathChangeChangedEventListener - Restarting due to 3 class path changes (3 additions, 0 deletions, 0 modifications)
[INFO ] 2025-12-17 20:26:04.329
                [Thread-6] [studmgmt] org.springframework.boot.web.embedded.tomcat.GracefulShutdown - Commencing graceful shutdown. Waiting for active requests to complete
[INFO ] 2025-12-17 20:26:04.330
                [tomcat-shutdown] [studmgmt] org.apache.coyote.http11.Http11NioProtocol - Pausing ProtocolHandler ["http-nio-8080"]
[INFO ] 2025-12-17 20:26:04.398
                [tomcat-shutdown] [studmgmt] org.springframework.boot.web.embedded.tomcat.GracefulShutdown - Graceful shutdown complete
[INFO ] 2025-12-17 20:26:04.398
                [Thread-6] [studmgmt] org.apache.coyote.http11.Http11NioProtocol - Stopping ProtocolHandler ["http-nio-8080"]
[INFO ] 2025-12-17 20:26:04.405
                [Thread-6] [studmgmt] com.zaxxer.hikari.HikariDataSource - TechCodeHikariPool - Shutdown initiated...
[INFO ] 2025-12-17 20:26:04.409
                [Thread-6] [studmgmt] com.zaxxer.hikari.HikariDataSource - TechCodeHikariPool - Shutdown completed.
[INFO ] 2025-12-17 20:26:04.511
                [restartedMain] [studmgmt] com.techcode.studentmgmt.studentmgmtApplication - Starting studentmgmtApplication using Java 17.0.12 with PID 4884 (F:\Spring-Workspace\college-placements-portal\target\classes started by pavansiddabathula in F:\Spring-Workspace\college-placements-portal)
[DEBUG] 2025-12-17 20:26:04.511
                [restartedMain] [studmgmt] com.techcode.studentmgmt.studentmgmtApplication - Running with Spring Boot v3.4.5, Spring v6.2.6
[INFO ] 2025-12-17 20:26:04.511
                [restartedMain] [studmgmt] com.techcode.studentmgmt.studentmgmtApplication - The following 1 profile is active: "local"
[INFO ] 2025-12-17 20:26:04.768
                [restartedMain] [studmgmt] org.springframework.data.repository.config.RepositoryConfigurationDelegate - Bootstrapping Spring Data JPA repositories in DEFAULT mode.
[INFO ] 2025-12-17 20:26:04.783
                [restartedMain] [studmgmt] org.springframework.data.repository.config.RepositoryConfigurationDelegate - Finished Spring Data repository scanning in 14 ms. Found 4 JPA repository interfaces.
[INFO ] 2025-12-17 20:26:04.823
                [restartedMain] [studmgmt] org.springframework.cloud.context.scope.GenericScope - BeanFactory id=9e52753f-6893-37de-a83f-58d7466554bf
[INFO ] 2025-12-17 20:26:04.977
                [restartedMain] [studmgmt] org.springframework.boot.web.embedded.tomcat.TomcatWebServer - Tomcat initialized with port 8080 (http)
[INFO ] 2025-12-17 20:26:04.977
                [restartedMain] [studmgmt] org.apache.coyote.http11.Http11NioProtocol - Initializing ProtocolHandler ["http-nio-8080"]
[INFO ] 2025-12-17 20:26:04.977
                [restartedMain] [studmgmt] org.apache.catalina.core.StandardService - Starting service [Tomcat]
[INFO ] 2025-12-17 20:26:04.977
                [restartedMain] [studmgmt] org.apache.catalina.core.StandardEngine - Starting Servlet engine: [Apache Tomcat/10.1.40]
[INFO ] 2025-12-17 20:26:04.993
                [restartedMain] [studmgmt] org.apache.catalina.core.ContainerBase.[Tomcat].[localhost].[/] - Initializing Spring embedded WebApplicationContext
[INFO ] 2025-12-17 20:26:04.993
                [restartedMain] [studmgmt] org.springframework.boot.web.servlet.context.ServletWebServerApplicationContext - Root WebApplicationContext: initialization completed in 481 ms
[INFO ] 2025-12-17 20:26:05.174
                [restartedMain] [studmgmt] com.zaxxer.hikari.HikariDataSource - TechCodeHikariPool - Starting...
[INFO ] 2025-12-17 20:26:05.178
                [restartedMain] [studmgmt] com.zaxxer.hikari.pool.HikariPool - TechCodeHikariPool - Added connection com.mysql.cj.jdbc.ConnectionImpl@48a2049d
[INFO ] 2025-12-17 20:26:05.178
                [restartedMain] [studmgmt] com.zaxxer.hikari.HikariDataSource - TechCodeHikariPool - Start completed.
[DEBUG] 2025-12-17 20:26:05.415
                [restartedMain] [studmgmt] com.techcode.studentmgmt.secuirty.JwtFilter - Filter 'jwtFilter' configured for use
[WARN ] 2025-12-17 20:26:05.795
                [restartedMain] [studmgmt] org.springframework.boot.autoconfigure.orm.jpa.JpaBaseConfiguration$JpaWebConfiguration - spring.jpa.open-in-view is enabled by default. Therefore, database queries may be performed during view rendering. Explicitly configure spring.jpa.open-in-view to disable this warning
[INFO ] 2025-12-17 20:26:05.847
                [restartedMain] [studmgmt] org.springframework.security.config.annotation.authentication.configuration.InitializeUserDetailsBeanManagerConfigurer$InitializeUserDetailsManagerConfigurer - Global AuthenticationManager configured with UserDetailsService bean with name customUserDetailsService
[INFO ] 2025-12-17 20:26:06.265
                [restartedMain] [studmgmt] org.springframework.boot.actuate.endpoint.web.EndpointLinksResolver - Exposing 26 endpoints beneath base path '/actuator'
[INFO ] 2025-12-17 20:26:06.790
                [restartedMain] [studmgmt] org.springframework.boot.devtools.autoconfigure.OptionalLiveReloadServer - LiveReload server is running on port 35729
[INFO ] 2025-12-17 20:26:06.882
                [restartedMain] [studmgmt] org.apache.coyote.http11.Http11NioProtocol - Starting ProtocolHandler ["http-nio-8080"]
[INFO ] 2025-12-17 20:26:06.884
                [restartedMain] [studmgmt] org.springframework.boot.web.embedded.tomcat.TomcatWebServer - Tomcat started on port 8080 (http) with context path '/'
[INFO ] 2025-12-17 20:26:06.929
                [restartedMain] [studmgmt] com.techcode.studentmgmt.studentmgmtApplication - Started studentmgmtApplication in 2.475 seconds (process running for 163.42)
[INFO ] 2025-12-17 20:26:06.932
                [restartedMain] [studmgmt] org.springframework.boot.devtools.autoconfigure.ConditionEvaluationDeltaLoggingListener - Condition evaluation unchanged
[INFO ] 2025-12-17 20:26:48.816
                [main] [studmgmt] com.techcode.studentmgmt.studentmgmtApplicationTests - Starting studentmgmtApplicationTests using Java 17.0.12 with PID 14120 (started by pavansiddabathula in F:\Spring-Workspace\college-placements-portal)
[DEBUG] 2025-12-17 20:26:48.817
                [main] [studmgmt] com.techcode.studentmgmt.studentmgmtApplicationTests - Running with Spring Boot v3.4.5, Spring v6.2.6
[INFO ] 2025-12-17 20:26:48.819
                [main] [studmgmt] com.techcode.studentmgmt.studentmgmtApplicationTests - The following 1 profile is active: "local"
[INFO ] 2025-12-17 20:26:50.977
                [main] [studmgmt] org.springframework.data.repository.config.RepositoryConfigurationDelegate - Bootstrapping Spring Data JPA repositories in DEFAULT mode.
[INFO ] 2025-12-17 20:26:51.148
                [main] [studmgmt] org.springframework.data.repository.config.RepositoryConfigurationDelegate - Finished Spring Data repository scanning in 146 ms. Found 4 JPA repository interfaces.
[INFO ] 2025-12-17 20:26:52.175
                [main] [studmgmt] org.springframework.cloud.context.scope.GenericScope - BeanFactory id=830a963a-e567-302a-ae1a-ae6084db45e9
[INFO ] 2025-12-17 20:26:56.280
                [main] [studmgmt] com.zaxxer.hikari.HikariDataSource - TechCodeHikariPool - Starting...
[INFO ] 2025-12-17 20:26:56.626
                [main] [studmgmt] com.zaxxer.hikari.pool.HikariPool - TechCodeHikariPool - Added connection com.mysql.cj.jdbc.ConnectionImpl@4423692a
[INFO ] 2025-12-17 20:26:56.629
                [main] [studmgmt] com.zaxxer.hikari.HikariDataSource - TechCodeHikariPool - Start completed.
[INFO ] 2025-12-17 20:27:01.377
                [main] [studmgmt] org.springframework.data.jpa.repository.query.QueryEnhancerFactory - Hibernate is in classpath; If applicable, HQL parser will be used.
[WARN ] 2025-12-17 20:27:06.140
                [main] [studmgmt] org.springframework.boot.autoconfigure.orm.jpa.JpaBaseConfiguration$JpaWebConfiguration - spring.jpa.open-in-view is enabled by default. Therefore, database queries may be performed during view rendering. Explicitly configure spring.jpa.open-in-view to disable this warning
[INFO ] 2025-12-17 20:27:06.373
                [main] [studmgmt] org.springframework.security.config.annotation.authentication.configuration.InitializeUserDetailsBeanManagerConfigurer$InitializeUserDetailsManagerConfigurer - Global AuthenticationManager configured with UserDetailsService bean with name customUserDetailsService
[INFO ] 2025-12-17 20:27:08.305
                [main] [studmgmt] org.springframework.boot.actuate.endpoint.web.EndpointLinksResolver - Exposing 26 endpoints beneath base path '/actuator'
[INFO ] 2025-12-17 20:27:09.868
                [main] [studmgmt] com.techcode.studentmgmt.studentmgmtApplicationTests - Started studentmgmtApplicationTests in 21.502 seconds (process running for 22.537)
[INFO ] 2025-12-17 20:27:10.286
                [SpringApplicationShutdownHook] [studmgmt] com.zaxxer.hikari.HikariDataSource - TechCodeHikariPool - Shutdown initiated...
[INFO ] 2025-12-17 20:27:10.294
                [SpringApplicationShutdownHook] [studmgmt] com.zaxxer.hikari.HikariDataSource - TechCodeHikariPool - Shutdown completed.
[INFO ] 2025-12-17 20:27:14.682
                [restartedMain] [studmgmt] com.techcode.studentmgmt.studentmgmtApplication - Starting studentmgmtApplication using Java 17.0.12 with PID 13704 (F:\Spring-Workspace\college-placements-portal\target\classes started by pavansiddabathula in F:\Spring-Workspace\college-placements-portal)
[DEBUG] 2025-12-17 20:27:14.683
                [restartedMain] [studmgmt] com.techcode.studentmgmt.studentmgmtApplication - Running with Spring Boot v3.4.5, Spring v6.2.6
[INFO ] 2025-12-17 20:27:14.684
                [restartedMain] [studmgmt] com.techcode.studentmgmt.studentmgmtApplication - The following 1 profile is active: "local"
[INFO ] 2025-12-17 20:27:14.721
                [restartedMain] [studmgmt] org.springframework.boot.devtools.env.DevToolsPropertyDefaultsPostProcessor - Devtools property defaults active! Set 'spring.devtools.add-properties' to 'false' to disable
[INFO ] 2025-12-17 20:27:14.721
                [restartedMain] [studmgmt] org.springframework.boot.devtools.env.DevToolsPropertyDefaultsPostProcessor - For additional web related logging consider setting the 'logging.level.web' property to 'DEBUG'
[INFO ] 2025-12-17 20:27:15.659
                [restartedMain] [studmgmt] org.springframework.data.repository.config.RepositoryConfigurationDelegate - Bootstrapping Spring Data JPA repositories in DEFAULT mode.
[INFO ] 2025-12-17 20:27:15.714
                [restartedMain] [studmgmt] org.springframework.data.repository.config.RepositoryConfigurationDelegate - Finished Spring Data repository scanning in 49 ms. Found 4 JPA repository interfaces.
[INFO ] 2025-12-17 20:27:15.924
                [restartedMain] [studmgmt] org.springframework.cloud.context.scope.GenericScope - BeanFactory id=9e52753f-6893-37de-a83f-58d7466554bf
[INFO ] 2025-12-17 20:27:16.608
                [restartedMain] [studmgmt] org.springframework.boot.web.embedded.tomcat.TomcatWebServer - Tomcat initialized with port 8080 (http)
[INFO ] 2025-12-17 20:27:16.617
                [restartedMain] [studmgmt] org.apache.coyote.http11.Http11NioProtocol - Initializing ProtocolHandler ["http-nio-8080"]
[INFO ] 2025-12-17 20:27:16.618
                [restartedMain] [studmgmt] org.apache.catalina.core.StandardService - Starting service [Tomcat]
[INFO ] 2025-12-17 20:27:16.619
                [restartedMain] [studmgmt] org.apache.catalina.core.StandardEngine - Starting Servlet engine: [Apache Tomcat/10.1.40]
[INFO ] 2025-12-17 20:27:16.661
                [restartedMain] [studmgmt] org.apache.catalina.core.ContainerBase.[Tomcat].[localhost].[/] - Initializing Spring embedded WebApplicationContext
[INFO ] 2025-12-17 20:27:16.662
                [restartedMain] [studmgmt] org.springframework.boot.web.servlet.context.ServletWebServerApplicationContext - Root WebApplicationContext: initialization completed in 1940 ms
[INFO ] 2025-12-17 20:27:17.240
                [restartedMain] [studmgmt] com.zaxxer.hikari.HikariDataSource - TechCodeHikariPool - Starting...
[INFO ] 2025-12-17 20:27:17.353
                [restartedMain] [studmgmt] com.zaxxer.hikari.pool.HikariPool - TechCodeHikariPool - Added connection com.mysql.cj.jdbc.ConnectionImpl@8ad844d
[INFO ] 2025-12-17 20:27:17.354
                [restartedMain] [studmgmt] com.zaxxer.hikari.HikariDataSource - TechCodeHikariPool - Start completed.
[INFO ] 2025-12-17 20:27:18.410
                [restartedMain] [studmgmt] org.springframework.data.jpa.repository.query.QueryEnhancerFactory - Hibernate is in classpath; If applicable, HQL parser will be used.
[DEBUG] 2025-12-17 20:27:18.496
                [restartedMain] [studmgmt] com.techcode.studentmgmt.secuirty.JwtFilter - Filter 'jwtFilter' configured for use
[WARN ] 2025-12-17 20:27:19.416
                [restartedMain] [studmgmt] org.springframework.boot.autoconfigure.orm.jpa.JpaBaseConfiguration$JpaWebConfiguration - spring.jpa.open-in-view is enabled by default. Therefore, database queries may be performed during view rendering. Explicitly configure spring.jpa.open-in-view to disable this warning
[INFO ] 2025-12-17 20:27:19.491
                [restartedMain] [studmgmt] org.springframework.security.config.annotation.authentication.configuration.InitializeUserDetailsBeanManagerConfigurer$InitializeUserDetailsManagerConfigurer - Global AuthenticationManager configured with UserDetailsService bean with name customUserDetailsService
[INFO ] 2025-12-17 20:27:20.160
                [restartedMain] [studmgmt] org.springframework.boot.actuate.endpoint.web.EndpointLinksResolver - Exposing 26 endpoints beneath base path '/actuator'
[INFO ] 2025-12-17 20:27:20.931
                [restartedMain] [studmgmt] org.springframework.boot.devtools.autoconfigure.OptionalLiveReloadServer - LiveReload server is running on port 35729
[INFO ] 2025-12-17 20:27:21.076
                [restartedMain] [studmgmt] org.apache.coyote.http11.Http11NioProtocol - Starting ProtocolHandler ["http-nio-8080"]
[INFO ] 2025-12-17 20:27:21.089
                [restartedMain] [studmgmt] org.springframework.boot.web.embedded.tomcat.TomcatWebServer - Tomcat started on port 8080 (http) with context path '/'
[INFO ] 2025-12-17 20:27:21.146
                [restartedMain] [studmgmt] com.techcode.studentmgmt.studentmgmtApplication - Started studentmgmtApplication in 6.901 seconds (process running for 7.333)
